Change Physical Footprint: Designator=* Old Footprint=ACHL-12mhz New Footprint=ACHL-12mhz
Change Physical Footprint: Designator=C1 Old Footprint=CAP 0805_2012 New Footprint=CAP 0805_2012
Change Physical Footprint: Designator=C2 Old Footprint=CAP 0805_2012 New Footprint=CAP 0805_2012
Change Physical Footprint: Designator=C3 Old Footprint=CAP 0805_2012 New Footprint=CAP 0805_2012
Change Physical Footprint: Designator=C4 Old Footprint=CAP 0805_2012 New Footprint=CAP 0805_2012
Change Physical Footprint: Designator=C5 Old Footprint=CAP 0805_2012 New Footprint=CAP 0805_2012
Change Physical Footprint: Designator=C6 Old Footprint=CAP 0805_2012 New Footprint=CAP 0805_2012
Change Physical Footprint: Designator=C7 Old Footprint=CAP 0805_2012 New Footprint=CAP 0805_2012
Change Physical Footprint: Designator=C8 Old Footprint=CAP 0805_2012 New Footprint=CAP 0805_2012
Change Physical Footprint: Designator=C9 Old Footprint=CAP 0805_2012 New Footprint=CAP 0805_2012
Change Physical Footprint: Designator=C10 Old Footprint=CAP 0805_2012 New Footprint=CAP 0805_2012
Change Physical Footprint: Designator=C11 Old Footprint=CAP 0805_2012 New Footprint=CAP 0805_2012
Change Physical Footprint: Designator=C12 Old Footprint=CAP 0805_2012 New Footprint=CAP 0805_2012
Change Physical Footprint: Designator=C13 Old Footprint=CAP 0805_2012 New Footprint=CAP 0805_2012
Change Physical Footprint: Designator=C14 Old Footprint=CAP 0805_2012 New Footprint=CAP 0805_2012
Change Physical Footprint: Designator=C15 Old Footprint=CAP 0805_2012 New Footprint=CAP 0805_2012
Change Physical Footprint: Designator=C16 Old Footprint=CAP 0805_2012 New Footprint=CAP 0805_2012
Change Physical Footprint: Designator=C17 Old Footprint=CAP 0805_2012 New Footprint=CAP 0805_2012
Change Physical Footprint: Designator=C18 Old Footprint=CAP 0805_2012 New Footprint=CAP 0805_2012
Change Physical Footprint: Designator=C19 Old Footprint=CAP 0805_2012 New Footprint=CAP 0805_2012
Change Physical Footprint: Designator=C20 Old Footprint=CAP 0805_2012 New Footprint=CAP 0805_2012
Change Physical Footprint: Designator=C21 Old Footprint=CAP 0805_2012 New Footprint=CAP 0805_2012
Change Physical Footprint: Designator=C22 Old Footprint=CAP 0805_2012 New Footprint=CAP 0805_2012
Change Physical Footprint: Designator=C23 Old Footprint=CAP 0805_2012 New Footprint=CAP 0805_2012
Change Physical Footprint: Designator=C24 Old Footprint=CAP 0805_2012 New Footprint=CAP 0805_2012
Change Physical Footprint: Designator=C25 Old Footprint=CAP 0805_2012 New Footprint=CAP 0805_2012
Change Physical Footprint: Designator=C26 Old Footprint=CAP 0805_2012 New Footprint=CAP 0805_2012
Change Physical Footprint: Designator=C27 Old Footprint=CAP 0805_2012 New Footprint=CAP 0805_2012
Change Physical Footprint: Designator=C28 Old Footprint=CAP 0805_2012 New Footprint=CAP 0805_2012
Change Physical Footprint: Designator=C29 Old Footprint=CAP 0805_2012 New Footprint=CAP 0805_2012
Change Physical Footprint: Designator=C30 Old Footprint=CAP 0805_2012 New Footprint=CAP 0805_2012
Change Physical Footprint: Designator=C31 Old Footprint=CAP 0805_2012 New Footprint=CAP 0805_2012
Change Physical Footprint: Designator=C32 Old Footprint=CAP 0805_2012 New Footprint=CAP 0805_2012
Change Physical Footprint: Designator=C33 Old Footprint=CAP 0805_2012 New Footprint=CAP 0805_2012
Change Physical Footprint: Designator=C34 Old Footprint=CAP 0805_2012 New Footprint=CAP 0805_2012
Change Physical Footprint: Designator=C35 Old Footprint=CAP 0805_2012 New Footprint=CAP 0805_2012
Change Physical Footprint: Designator=D1 Old Footprint=FP-0603-SOD-523F-MFG New Footprint=FP-0603-SOD-523F-MFG
Change Physical Footprint: Designator=D2 Old Footprint=LED 0805_2012 YELLOW New Footprint=LED 0805_2012 YELLOW
Change Physical Footprint: Designator=D3 Old Footprint=LED 0805_2012 YELLOW New Footprint=LED 0805_2012 YELLOW
Change Physical Footprint: Designator=D4 Old Footprint=LED 0805_2012 YELLOW New Footprint=LED 0805_2012 YELLOW
Change Physical Footprint: Designator=D5 Old Footprint=LED 0805_2012 YELLOW New Footprint=LED 0805_2012 YELLOW
Change Physical Footprint: Designator=D6 Old Footprint=LED 0805_2012 YELLOW New Footprint=LED 0805_2012 YELLOW
Change Physical Footprint: Designator=D7 Old Footprint=LED 0805_2012 YELLOW New Footprint=LED 0805_2012 YELLOW
Change Physical Footprint: Designator=D8 Old Footprint=LED 0805_2012 YELLOW New Footprint=LED 0805_2012 YELLOW
Change Physical Footprint: Designator=D9 Old Footprint=LED 0805_2012 YELLOW New Footprint=LED 0805_2012 YELLOW
Change Physical Footprint: Designator=D10 Old Footprint=LED 0805_2012 YELLOW New Footprint=LED 0805_2012 YELLOW
Change Physical Footprint: Designator=D11 Old Footprint=LED 0805_2012 YELLOW New Footprint=LED 0805_2012 YELLOW
Change Physical Footprint: Designator=D12 Old Footprint=LED 0805_2012 YELLOW New Footprint=LED 0805_2012 YELLOW
Change Physical Footprint: Designator=D13 Old Footprint=LED 0805_2012 YELLOW New Footprint=LED 0805_2012 YELLOW
Change Physical Footprint: Designator=D14 Old Footprint=LED 0805_2012 YELLOW New Footprint=LED 0805_2012 YELLOW
Change Physical Footprint: Designator=D15 Old Footprint=LED 0805_2012 YELLOW New Footprint=LED 0805_2012 YELLOW
Change Physical Footprint: Designator=D16 Old Footprint=LED 0805_2012 YELLOW New Footprint=LED 0805_2012 YELLOW
Change Physical Footprint: Designator=D17 Old Footprint=LED 0805_2012 YELLOW New Footprint=LED 0805_2012 YELLOW
Change Physical Footprint: Designator=D18 Old Footprint=LED 0805_2012 YELLOW New Footprint=LED 0805_2012 YELLOW
Change Physical Footprint: Designator=D19 Old Footprint=LED 0805_2012 YELLOW New Footprint=LED 0805_2012 YELLOW
Change Physical Footprint: Designator=D20 Old Footprint=LED 0805_2012 YELLOW New Footprint=LED 0805_2012 YELLOW
Change Physical Footprint: Designator=D21 Old Footprint=LED 0805_2012 YELLOW New Footprint=LED 0805_2012 YELLOW
Change Physical Footprint: Designator=D22 Old Footprint=LED 0805_2012 YELLOW New Footprint=LED 0805_2012 YELLOW
Change Physical Footprint: Designator=D23 Old Footprint=LED 0805_2012 YELLOW New Footprint=LED 0805_2012 YELLOW
Change Physical Footprint: Designator=D24 Old Footprint=LED 0805_2012 YELLOW New Footprint=LED 0805_2012 YELLOW
Change Physical Footprint: Designator=D25 Old Footprint=LED 0805_2012 YELLOW New Footprint=LED 0805_2012 YELLOW
Change Physical Footprint: Designator=D26 Old Footprint=LED 0805_2012 YELLOW New Footprint=LED 0805_2012 YELLOW
Change Physical Footprint: Designator=D27 Old Footprint=LED 0805_2012 YELLOW New Footprint=LED 0805_2012 YELLOW
Change Physical Footprint: Designator=D28 Old Footprint=LED 0805_2012 YELLOW New Footprint=LED 0805_2012 YELLOW
Change Physical Footprint: Designator=D29 Old Footprint=LED 0805_2012 YELLOW New Footprint=LED 0805_2012 YELLOW
Change Physical Footprint: Designator=D30 Old Footprint=LED 0805_2012 YELLOW New Footprint=LED 0805_2012 YELLOW
Change Physical Footprint: Designator=D31 Old Footprint=LED 0805_2012 YELLOW New Footprint=LED 0805_2012 YELLOW
Change Physical Footprint: Designator=D32 Old Footprint=LED 0805_2012 YELLOW New Footprint=LED 0805_2012 YELLOW
Change Physical Footprint: Designator=D33 Old Footprint=LED 0805_2012 YELLOW New Footprint=LED 0805_2012 YELLOW
Change Physical Footprint: Designator=D34 Old Footprint=LED 0805_2012 YELLOW New Footprint=LED 0805_2012 YELLOW
Change Physical Footprint: Designator=D35 Old Footprint=LED 0805_2012 YELLOW New Footprint=LED 0805_2012 YELLOW
Change Physical Footprint: Designator=D36 Old Footprint=LED 0805_2012 YELLOW New Footprint=LED 0805_2012 YELLOW
Change Physical Footprint: Designator=D37 Old Footprint=LED 0805_2012 YELLOW New Footprint=LED 0805_2012 YELLOW
Change Physical Footprint: Designator=D38 Old Footprint=LED 0805_2012 YELLOW New Footprint=LED 0805_2012 YELLOW
Change Physical Footprint: Designator=D39 Old Footprint=LED 0805_2012 YELLOW New Footprint=LED 0805_2012 YELLOW
Change Physical Footprint: Designator=D40 Old Footprint=LED 0805_2012 YELLOW New Footprint=LED 0805_2012 YELLOW
Change Physical Footprint: Designator=D41 Old Footprint=LED 0805_2012 YELLOW New Footprint=LED 0805_2012 YELLOW
Change Physical Footprint: Designator=D42 Old Footprint=LED 0805_2012 YELLOW New Footprint=LED 0805_2012 YELLOW
Change Physical Footprint: Designator=D43 Old Footprint=LED 0805_2012 YELLOW New Footprint=LED 0805_2012 YELLOW
Change Physical Footprint: Designator=D44 Old Footprint=LED 0805_2012 YELLOW New Footprint=LED 0805_2012 YELLOW
Change Physical Footprint: Designator=D45 Old Footprint=LED 0805_2012 YELLOW New Footprint=LED 0805_2012 YELLOW
Change Physical Footprint: Designator=D46 Old Footprint=LED 0805_2012 YELLOW New Footprint=LED 0805_2012 YELLOW
Change Physical Footprint: Designator=D47 Old Footprint=LED 0805_2012 YELLOW New Footprint=LED 0805_2012 YELLOW
Change Physical Footprint: Designator=D48 Old Footprint=LED 0805_2012 YELLOW New Footprint=LED 0805_2012 YELLOW
Change Physical Footprint: Designator=D49 Old Footprint=LED 0805_2012 YELLOW New Footprint=LED 0805_2012 YELLOW
Change Physical Footprint: Designator=D50 Old Footprint=LED 0805_2012 YELLOW New Footprint=LED 0805_2012 YELLOW
Change Physical Footprint: Designator=D51 Old Footprint=LED 0805_2012 YELLOW New Footprint=LED 0805_2012 YELLOW
Change Physical Footprint: Designator=D52 Old Footprint=LED 0805_2012 YELLOW New Footprint=LED 0805_2012 YELLOW
Change Physical Footprint: Designator=D53 Old Footprint=LED 0805_2012 YELLOW New Footprint=LED 0805_2012 YELLOW
Change Physical Footprint: Designator=D54 Old Footprint=LED 0805_2012 YELLOW New Footprint=LED 0805_2012 YELLOW
Change Physical Footprint: Designator=D55 Old Footprint=LED 0805_2012 YELLOW New Footprint=LED 0805_2012 YELLOW
Change Physical Footprint: Designator=D56 Old Footprint=LED 0805_2012 YELLOW New Footprint=LED 0805_2012 YELLOW
Change Physical Footprint: Designator=D57 Old Footprint=LED 0805_2012 YELLOW New Footprint=LED 0805_2012 YELLOW
Change Physical Footprint: Designator=D58 Old Footprint=LED 0805_2012 YELLOW New Footprint=LED 0805_2012 YELLOW
Change Physical Footprint: Designator=D59 Old Footprint=LED 0805_2012 YELLOW New Footprint=LED 0805_2012 YELLOW
Change Physical Footprint: Designator=D60 Old Footprint=LED 0805_2012 YELLOW New Footprint=LED 0805_2012 YELLOW
Change Physical Footprint: Designator=D61 Old Footprint=LED 0805_2012 YELLOW New Footprint=LED 0805_2012 YELLOW
Change Physical Footprint: Designator=D62 Old Footprint=LED 0805_2012 YELLOW New Footprint=LED 0805_2012 YELLOW
Change Physical Footprint: Designator=D63 Old Footprint=LED 0805_2012 YELLOW New Footprint=LED 0805_2012 YELLOW
Change Physical Footprint: Designator=D64 Old Footprint=LED 0805_2012 YELLOW New Footprint=LED 0805_2012 YELLOW
Change Physical Footprint: Designator=D65 Old Footprint=LED 0805_2012 YELLOW New Footprint=LED 0805_2012 YELLOW
Change Physical Footprint: Designator=D66 Old Footprint=LED 0805_2012 YELLOW New Footprint=LED 0805_2012 YELLOW
Change Physical Footprint: Designator=D67 Old Footprint=LED 0805_2012 YELLOW New Footprint=LED 0805_2012 YELLOW
Change Physical Footprint: Designator=D68 Old Footprint=LED 0805_2012 YELLOW New Footprint=LED 0805_2012 YELLOW
Change Physical Footprint: Designator=D69 Old Footprint=LED 0805_2012 YELLOW New Footprint=LED 0805_2012 YELLOW
Change Physical Footprint: Designator=D70 Old Footprint=LED 0805_2012 YELLOW New Footprint=LED 0805_2012 YELLOW
Change Physical Footprint: Designator=D71 Old Footprint=LED 0805_2012 YELLOW New Footprint=LED 0805_2012 YELLOW
Change Physical Footprint: Designator=D72 Old Footprint=LED 0805_2012 YELLOW New Footprint=LED 0805_2012 YELLOW
Change Physical Footprint: Designator=D73 Old Footprint=LED 0805_2012 YELLOW New Footprint=LED 0805_2012 YELLOW
Change Physical Footprint: Designator=D74 Old Footprint=LED 0805_2012 YELLOW New Footprint=LED 0805_2012 YELLOW
Change Physical Footprint: Designator=D75 Old Footprint=LED 0805_2012 YELLOW New Footprint=LED 0805_2012 YELLOW
Change Physical Footprint: Designator=D76 Old Footprint=LED 0805_2012 YELLOW New Footprint=LED 0805_2012 YELLOW
Change Physical Footprint: Designator=D77 Old Footprint=LED 0805_2012 YELLOW New Footprint=LED 0805_2012 YELLOW
Change Physical Footprint: Designator=D78 Old Footprint=LED 0805_2012 YELLOW New Footprint=LED 0805_2012 YELLOW
Change Physical Footprint: Designator=D79 Old Footprint=LED 0805_2012 YELLOW New Footprint=LED 0805_2012 YELLOW
Change Physical Footprint: Designator=D80 Old Footprint=LED 0805_2012 YELLOW New Footprint=LED 0805_2012 YELLOW
Change Physical Footprint: Designator=D81 Old Footprint=LED 0805_2012 YELLOW New Footprint=LED 0805_2012 YELLOW
Change Physical Footprint: Designator=D82 Old Footprint=LED 0805_2012 YELLOW New Footprint=LED 0805_2012 YELLOW
Change Physical Footprint: Designator=D83 Old Footprint=LED 0805_2012 YELLOW New Footprint=LED 0805_2012 YELLOW
Change Physical Footprint: Designator=D84 Old Footprint=LED 0805_2012 YELLOW New Footprint=LED 0805_2012 YELLOW
Change Physical Footprint: Designator=D85 Old Footprint=LED 0805_2012 YELLOW New Footprint=LED 0805_2012 YELLOW
Change Physical Footprint: Designator=D86 Old Footprint=LED 0805_2012 YELLOW New Footprint=LED 0805_2012 YELLOW
Change Physical Footprint: Designator=D87 Old Footprint=LED 0805_2012 YELLOW New Footprint=LED 0805_2012 YELLOW
Change Physical Footprint: Designator=D88 Old Footprint=LED 0805_2012 YELLOW New Footprint=LED 0805_2012 YELLOW
Change Physical Footprint: Designator=D89 Old Footprint=LED 0805_2012 YELLOW New Footprint=LED 0805_2012 YELLOW
Change Physical Footprint: Designator=D90 Old Footprint=LED 0805_2012 YELLOW New Footprint=LED 0805_2012 YELLOW
Change Physical Footprint: Designator=D91 Old Footprint=LED 0805_2012 YELLOW New Footprint=LED 0805_2012 YELLOW
Change Physical Footprint: Designator=D92 Old Footprint=LED 0805_2012 YELLOW New Footprint=LED 0805_2012 YELLOW
Change Physical Footprint: Designator=D93 Old Footprint=LED 0805_2012 YELLOW New Footprint=LED 0805_2012 YELLOW
Change Physical Footprint: Designator=D94 Old Footprint=LED 0805_2012 YELLOW New Footprint=LED 0805_2012 YELLOW
Change Physical Footprint: Designator=D95 Old Footprint=LED 0805_2012 YELLOW New Footprint=LED 0805_2012 YELLOW
Change Physical Footprint: Designator=D96 Old Footprint=LED 0805_2012 YELLOW New Footprint=LED 0805_2012 YELLOW
Change Physical Footprint: Designator=D97 Old Footprint=LED 0805_2012 YELLOW New Footprint=LED 0805_2012 YELLOW
Change Physical Footprint: Designator=D98 Old Footprint=LED 0805_2012 YELLOW New Footprint=LED 0805_2012 YELLOW
Change Physical Footprint: Designator=D99 Old Footprint=LED 0805_2012 YELLOW New Footprint=LED 0805_2012 YELLOW
Change Physical Footprint: Designator=D100 Old Footprint=LED 0805_2012 YELLOW New Footprint=LED 0805_2012 YELLOW
Change Physical Footprint: Designator=D101 Old Footprint=LED 0805_2012 YELLOW New Footprint=LED 0805_2012 YELLOW
Change Physical Footprint: Designator=D102 Old Footprint=LED 0805_2012 YELLOW New Footprint=LED 0805_2012 YELLOW
Change Physical Footprint: Designator=D103 Old Footprint=LED 0805_2012 YELLOW New Footprint=LED 0805_2012 YELLOW
Change Physical Footprint: Designator=D104 Old Footprint=LED 0805_2012 YELLOW New Footprint=LED 0805_2012 YELLOW
Change Physical Footprint: Designator=D105 Old Footprint=LED 0805_2012 YELLOW New Footprint=LED 0805_2012 YELLOW
Change Physical Footprint: Designator=D106 Old Footprint=LED 0805_2012 YELLOW New Footprint=LED 0805_2012 YELLOW
Change Physical Footprint: Designator=D107 Old Footprint=LED 0805_2012 YELLOW New Footprint=LED 0805_2012 YELLOW
Change Physical Footprint: Designator=D108 Old Footprint=LED 0805_2012 YELLOW New Footprint=LED 0805_2012 YELLOW
Change Physical Footprint: Designator=D109 Old Footprint=LED 0805_2012 YELLOW New Footprint=LED 0805_2012 YELLOW
Change Physical Footprint: Designator=D110 Old Footprint=LED 0805_2012 YELLOW New Footprint=LED 0805_2012 YELLOW
Change Physical Footprint: Designator=D111 Old Footprint=LED 0805_2012 YELLOW New Footprint=LED 0805_2012 YELLOW
Change Physical Footprint: Designator=D112 Old Footprint=LED 0805_2012 YELLOW New Footprint=LED 0805_2012 YELLOW
Change Physical Footprint: Designator=D113 Old Footprint=LED 0805_2012 YELLOW New Footprint=LED 0805_2012 YELLOW
Change Physical Footprint: Designator=D114 Old Footprint=LED 0805_2012 YELLOW New Footprint=LED 0805_2012 YELLOW
Change Physical Footprint: Designator=D115 Old Footprint=LED 0805_2012 YELLOW New Footprint=LED 0805_2012 YELLOW
Change Physical Footprint: Designator=D116 Old Footprint=LED 0805_2012 YELLOW New Footprint=LED 0805_2012 YELLOW
Change Physical Footprint: Designator=D117 Old Footprint=LED 0805_2012 YELLOW New Footprint=LED 0805_2012 YELLOW
Change Physical Footprint: Designator=D118 Old Footprint=LED 0805_2012 YELLOW New Footprint=LED 0805_2012 YELLOW
Change Physical Footprint: Designator=D119 Old Footprint=LED 0805_2012 YELLOW New Footprint=LED 0805_2012 YELLOW
Change Physical Footprint: Designator=D120 Old Footprint=LED 0805_2012 YELLOW New Footprint=LED 0805_2012 YELLOW
Change Physical Footprint: Designator=D121 Old Footprint=LED 0805_2012 YELLOW New Footprint=LED 0805_2012 YELLOW
Change Physical Footprint: Designator=D122 Old Footprint=LED 0805_2012 YELLOW New Footprint=LED 0805_2012 YELLOW
Change Physical Footprint: Designator=D123 Old Footprint=LED 0805_2012 YELLOW New Footprint=LED 0805_2012 YELLOW
Change Physical Footprint: Designator=D124 Old Footprint=LED 0805_2012 YELLOW New Footprint=LED 0805_2012 YELLOW
Change Physical Footprint: Designator=D125 Old Footprint=LED 0805_2012 YELLOW New Footprint=LED 0805_2012 YELLOW
Change Physical Footprint: Designator=D126 Old Footprint=LED 0805_2012 YELLOW New Footprint=LED 0805_2012 YELLOW
Change Physical Footprint: Designator=D127 Old Footprint=LED 0805_2012 YELLOW New Footprint=LED 0805_2012 YELLOW
Change Physical Footprint: Designator=D128 Old Footprint=LED 0805_2012 YELLOW New Footprint=LED 0805_2012 YELLOW
Change Physical Footprint: Designator=D129 Old Footprint=LED 0805_2012 YELLOW New Footprint=LED 0805_2012 YELLOW
Change Physical Footprint: Designator=D130 Old Footprint=LED 0805_2012 YELLOW New Footprint=LED 0805_2012 YELLOW
Change Physical Footprint: Designator=D131 Old Footprint=LED 0805_2012 YELLOW New Footprint=LED 0805_2012 YELLOW
Change Physical Footprint: Designator=D132 Old Footprint=LED 0805_2012 YELLOW New Footprint=LED 0805_2012 YELLOW
Change Physical Footprint: Designator=D133 Old Footprint=LED 0805_2012 YELLOW New Footprint=LED 0805_2012 YELLOW
Change Physical Footprint: Designator=D134 Old Footprint=LED 0805_2012 YELLOW New Footprint=LED 0805_2012 YELLOW
Change Physical Footprint: Designator=D135 Old Footprint=LED 0805_2012 YELLOW New Footprint=LED 0805_2012 YELLOW
Change Physical Footprint: Designator=D136 Old Footprint=LED 0805_2012 YELLOW New Footprint=LED 0805_2012 YELLOW
Change Physical Footprint: Designator=D137 Old Footprint=LED 0805_2012 YELLOW New Footprint=LED 0805_2012 YELLOW
Change Physical Footprint: Designator=D138 Old Footprint=LED 0805_2012 YELLOW New Footprint=LED 0805_2012 YELLOW
Change Physical Footprint: Designator=D139 Old Footprint=LED 0805_2012 YELLOW New Footprint=LED 0805_2012 YELLOW
Change Physical Footprint: Designator=D140 Old Footprint=LED 0805_2012 YELLOW New Footprint=LED 0805_2012 YELLOW
Change Physical Footprint: Designator=D141 Old Footprint=LED 0805_2012 YELLOW New Footprint=LED 0805_2012 YELLOW
Change Physical Footprint: Designator=D142 Old Footprint=LED 0805_2012 YELLOW New Footprint=LED 0805_2012 YELLOW
Change Physical Footprint: Designator=D143 Old Footprint=LED 0805_2012 YELLOW New Footprint=LED 0805_2012 YELLOW
Change Physical Footprint: Designator=D144 Old Footprint=LED 0805_2012 YELLOW New Footprint=LED 0805_2012 YELLOW
Change Physical Footprint: Designator=D145 Old Footprint=LED 0805_2012 YELLOW New Footprint=LED 0805_2012 YELLOW
Change Physical Footprint: Designator=D146 Old Footprint=LED 0805_2012 YELLOW New Footprint=LED 0805_2012 YELLOW
Change Physical Footprint: Designator=D147 Old Footprint=LED 0805_2012 YELLOW New Footprint=LED 0805_2012 YELLOW
Change Physical Footprint: Designator=D148 Old Footprint=LED 0805_2012 YELLOW New Footprint=LED 0805_2012 YELLOW
Change Physical Footprint: Designator=D149 Old Footprint=LED 0805_2012 YELLOW New Footprint=LED 0805_2012 YELLOW
Change Physical Footprint: Designator=D150 Old Footprint=LED 0805_2012 YELLOW New Footprint=LED 0805_2012 YELLOW
Change Physical Footprint: Designator=D151 Old Footprint=LED 0805_2012 YELLOW New Footprint=LED 0805_2012 YELLOW
Change Physical Footprint: Designator=J1 Old Footprint=MOLX-67503-1020_V New Footprint=MOLX-67503-1020_V
Change Physical Footprint: Designator=R1 Old Footprint=RES 0805_2012 New Footprint=RES 0805_2012
Change Physical Footprint: Designator=R2 Old Footprint=RES 0805_2012 New Footprint=RES 0805_2012
Change Physical Footprint: Designator=R3 Old Footprint=RES 0805_2012 New Footprint=RES 0805_2012
Change Physical Footprint: Designator=R4 Old Footprint=RES 0805_2012 New Footprint=RES 0805_2012
Change Physical Footprint: Designator=R5 Old Footprint=RES 0805_2012 New Footprint=RES 0805_2012
Change Physical Footprint: Designator=R6 Old Footprint=RES 0805_2012 New Footprint=RES 0805_2012
Change Physical Footprint: Designator=R7 Old Footprint=RES 0805_2012 New Footprint=RES 0805_2012
Change Physical Footprint: Designator=R8 Old Footprint=RES 0805_2012 New Footprint=RES 0805_2012
Change Physical Footprint: Designator=R9 Old Footprint=RES 0805_2012 New Footprint=RES 0805_2012
Change Physical Footprint: Designator=R10 Old Footprint=RES 0805_2012 New Footprint=RES 0805_2012
Change Physical Footprint: Designator=R11 Old Footprint=RES 0805_2012 New Footprint=RES 0805_2012
Change Physical Footprint: Designator=R12 Old Footprint=RES 0805_2012 New Footprint=RES 0805_2012
Change Physical Footprint: Designator=R13 Old Footprint=RES 0805_2012 New Footprint=RES 0805_2012
Change Physical Footprint: Designator=R14 Old Footprint=RES 0805_2012 New Footprint=RES 0805_2012
Change Physical Footprint: Designator=R15 Old Footprint=RES 0805_2012 New Footprint=RES 0805_2012
Change Physical Footprint: Designator=R16 Old Footprint=RES 0805_2012 New Footprint=RES 0805_2012
Change Physical Footprint: Designator=R17 Old Footprint=RES 0805_2012 New Footprint=RES 0805_2012
Change Physical Footprint: Designator=R18 Old Footprint=RES 0805_2012 New Footprint=RES 0805_2012
Change Physical Footprint: Designator=R19 Old Footprint=RES 0805_2012 New Footprint=RES 0805_2012
Change Physical Footprint: Designator=R20 Old Footprint=RES 0805_2012 New Footprint=RES 0805_2012
Change Physical Footprint: Designator=R21 Old Footprint=RES 0805_2012 New Footprint=RES 0805_2012
Change Physical Footprint: Designator=R22 Old Footprint=RES 0805_2012 New Footprint=RES 0805_2012
Change Physical Footprint: Designator=R23 Old Footprint=RES 0805_2012 New Footprint=RES 0805_2012
Change Physical Footprint: Designator=R24 Old Footprint=RES 0805_2012 New Footprint=RES 0805_2012
Change Physical Footprint: Designator=R25 Old Footprint=RES 0805_2012 New Footprint=RES 0805_2012
Change Physical Footprint: Designator=R26 Old Footprint=RES 0805_2012 New Footprint=RES 0805_2012
Change Physical Footprint: Designator=R27 Old Footprint=RES 0805_2012 New Footprint=RES 0805_2012
Change Physical Footprint: Designator=R28 Old Footprint=RES 0805_2012 New Footprint=RES 0805_2012
Change Physical Footprint: Designator=R29 Old Footprint=RES 0805_2012 New Footprint=RES 0805_2012
Change Physical Footprint: Designator=R30 Old Footprint=RES 0805_2012 New Footprint=RES 0805_2012
Change Physical Footprint: Designator=R31 Old Footprint=RES 0805_2012 New Footprint=RES 0805_2012
Change Physical Footprint: Designator=R32 Old Footprint=RES 0805_2012 New Footprint=RES 0805_2012
Change Physical Footprint: Designator=R33 Old Footprint=RES 0805_2012 New Footprint=RES 0805_2012
Change Physical Footprint: Designator=R34 Old Footprint=RES 0805_2012 New Footprint=RES 0805_2012
Change Physical Footprint: Designator=R35 Old Footprint=RES 0603_1608 New Footprint=RES 0603_1608
Change Physical Footprint: Designator=R36 Old Footprint=RES 0603_1608 New Footprint=RES 0603_1608
Change Physical Footprint: Designator=R37 Old Footprint=RES 0603_1608 New Footprint=RES 0603_1608
Change Physical Footprint: Designator=R38 Old Footprint=RES 0603_1608 New Footprint=RES 0603_1608
Change Physical Footprint: Designator=R39 Old Footprint=RES 0603_1608 New Footprint=RES 0603_1608
Change Physical Footprint: Designator=R40 Old Footprint=RES 0603_1608 New Footprint=RES 0603_1608
Change Physical Footprint: Designator=R41 Old Footprint=RES 0603_1608 New Footprint=RES 0603_1608
Change Physical Footprint: Designator=R42 Old Footprint=RES 0603_1608 New Footprint=RES 0603_1608
Change Physical Footprint: Designator=R43 Old Footprint=RES 0603_1608 New Footprint=RES 0603_1608
Change Physical Footprint: Designator=R44 Old Footprint=RES 0603_1608 New Footprint=RES 0603_1608
Change Physical Footprint: Designator=R45 Old Footprint=RES 0603_1608 New Footprint=RES 0603_1608
Change Physical Footprint: Designator=R46 Old Footprint=RES 0603_1608 New Footprint=RES 0603_1608
Change Physical Footprint: Designator=R47 Old Footprint=RES 0603_1608 New Footprint=RES 0603_1608
Change Physical Footprint: Designator=R48 Old Footprint=RES 0603_1608 New Footprint=RES 0603_1608
Change Physical Footprint: Designator=R49 Old Footprint=RES 0603_1608 New Footprint=RES 0603_1608
Change Physical Footprint: Designator=U1 Old Footprint=LT-FE-20-EPV-CB_M New Footprint=LT-FE-20-EPV-CB_M
Change Physical Footprint: Designator=U2 Old Footprint=LQFP-64_M New Footprint=LQFP-64_M
Change Physical Footprint: Designator=U3 Old Footprint=MCHP-SOIC-SN8_N New Footprint=MCHP-SOIC-SN8_N
Change Physical Footprint: Designator=U4 Old Footprint=LATC-TQFP-144_L New Footprint=LATC-TQFP-144_L
Change Physical Footprint: Designator=U5 Old Footprint=MICT-SC-8_N New Footprint=MICT-SC-8_N
