Added Component: Designator=P1(HDR1X13)
Add component (AddParameter): Name = "LatestRevisionDate"; Value = "17-Jul-2002"; VariantName = "[No Variations]"
Add component (AddParameter): Name = "LatestRevisionNote"; Value = "Re-released for DXP Platform."; VariantName = "[No Variations]"
Add component (AddParameter): Name = "Publisher"; Value = "Altium Limited"; VariantName = "[No Variations]"
Added Component: Designator=P2(HDR1X10)
Add component (AddParameter): Name = "LatestRevisionDate"; Value = "17-Jul-2002"; VariantName = "[No Variations]"
Add component (AddParameter): Name = "LatestRevisionNote"; Value = "Re-released for DXP Platform."; VariantName = "[No Variations]"
Add component (AddParameter): Name = "Publisher"; Value = "Altium Limited"; VariantName = "[No Variations]"
Added Component: Designator=P4(HDR1X16)
Add component (AddParameter): Name = "LatestRevisionDate"; Value = "17-Jul-2002"; VariantName = "[No Variations]"
Add component (AddParameter): Name = "LatestRevisionNote"; Value = "Re-released for DXP Platform."; VariantName = "[No Variations]"
Add component (AddParameter): Name = "Publisher"; Value = "Altium Limited"; VariantName = "[No Variations]"
Added Component: Designator=P5(HDR1X10)
Add component (AddParameter): Name = "LatestRevisionDate"; Value = "17-Jul-2002"; VariantName = "[No Variations]"
Add component (AddParameter): Name = "LatestRevisionNote"; Value = "Re-released for DXP Platform."; VariantName = "[No Variations]"
Add component (AddParameter): Name = "Publisher"; Value = "Altium Limited"; VariantName = "[No Variations]"
Added Component: Designator=P6(HDR1X15)
Add component (AddParameter): Name = "LatestRevisionDate"; Value = "17-Jul-2002"; VariantName = "[No Variations]"
Add component (AddParameter): Name = "LatestRevisionNote"; Value = "Re-released for DXP Platform."; VariantName = "[No Variations]"
Add component (AddParameter): Name = "Publisher"; Value = "Altium Limited"; VariantName = "[No Variations]"
Added Component: Designator=P7(HDR1X10)
Add component (AddParameter): Name = "LatestRevisionDate"; Value = "17-Jul-2002"; VariantName = "[No Variations]"
Add component (AddParameter): Name = "LatestRevisionNote"; Value = "Re-released for DXP Platform."; VariantName = "[No Variations]"
Add component (AddParameter): Name = "Publisher"; Value = "Altium Limited"; VariantName = "[No Variations]"
Added Pin To Net: NetName=GND Pin=*-2
Added Pin To Net: NetName=GND Pin=C1-1
Added Pin To Net: NetName=GND Pin=C2-1
Added Pin To Net: NetName=GND Pin=C3-1
Added Pin To Net: NetName=GND Pin=C4-1
Added Pin To Net: NetName=GND Pin=C5-1
Added Pin To Net: NetName=GND Pin=C6-2
Added Pin To Net: NetName=GND Pin=C7-1
Added Pin To Net: NetName=GND Pin=C8-1
Added Pin To Net: NetName=GND Pin=C9-1
Added Pin To Net: NetName=GND Pin=C10-2
Added Pin To Net: NetName=GND Pin=C11-1
Added Pin To Net: NetName=GND Pin=C12-1
Added Pin To Net: NetName=GND Pin=C14-1
Added Pin To Net: NetName=GND Pin=C16-1
Added Pin To Net: NetName=GND Pin=C17-1
Added Pin To Net: NetName=GND Pin=C18-1
Added Pin To Net: NetName=GND Pin=C19-1
Added Pin To Net: NetName=GND Pin=C20-1
Added Pin To Net: NetName=GND Pin=C21-1
Added Pin To Net: NetName=GND Pin=C22-1
Added Pin To Net: NetName=GND Pin=C23-1
Added Pin To Net: NetName=GND Pin=C24-1
Added Pin To Net: NetName=GND Pin=C25-1
Added Pin To Net: NetName=GND Pin=C26-1
Added Pin To Net: NetName=GND Pin=C27-1
Added Pin To Net: NetName=GND Pin=C28-1
Added Pin To Net: NetName=GND Pin=C29-1
Added Pin To Net: NetName=GND Pin=C30-1
Added Pin To Net: NetName=GND Pin=C31-1
Added Pin To Net: NetName=GND Pin=C32-1
Added Pin To Net: NetName=GND Pin=C33-2
Added Pin To Net: NetName=GND Pin=J1-5
Added Pin To Net: NetName=GND Pin=R3-1
Added Pin To Net: NetName=GND Pin=R4-2
Added Pin To Net: NetName=GND Pin=R8-1
Added Pin To Net: NetName=GND Pin=R16-1
Added Pin To Net: NetName=GND Pin=U1-5
Added Pin To Net: NetName=GND Pin=U1-6
Added Pin To Net: NetName=GND Pin=U1-15
Added Pin To Net: NetName=GND Pin=U1-16
Added Pin To Net: NetName=GND Pin=U1-21
Added Pin To Net: NetName=GND Pin=U2-1
Added Pin To Net: NetName=GND Pin=U2-5
Added Pin To Net: NetName=GND Pin=U2-10
Added Pin To Net: NetName=GND Pin=U2-11
Added Pin To Net: NetName=GND Pin=U2-13
Added Pin To Net: NetName=GND Pin=U2-15
Added Pin To Net: NetName=GND Pin=U2-25
Added Pin To Net: NetName=GND Pin=U2-35
Added Pin To Net: NetName=GND Pin=U2-47
Added Pin To Net: NetName=GND Pin=U2-51
Added Pin To Net: NetName=GND Pin=U3-5
Added Pin To Net: NetName=GND Pin=U4-5
Added Pin To Net: NetName=GND Pin=U4-13
Added Pin To Net: NetName=GND Pin=U4-14
Added Pin To Net: NetName=GND Pin=U4-59
Added Pin To Net: NetName=GND Pin=U4-69
Added Pin To Net: NetName=GND Pin=U4-86
Added Pin To Net: NetName=GND Pin=U4-103
Added Pin To Net: NetName=GND Pin=U4-132
Added Pin To Net: NetName=GND Pin=U4-140
Added Pin To Net: NetName=GND Pin=U5-4
Added Net: Name=GND
Added Pin To Net: NetName=Net*_3 Pin=*-3
Added Pin To Net: NetName=Net*_3 Pin=R28-2
Added Pin To Net: NetName=Net*_3 Pin=U2-2
Added Net: Name=Net*_3
Added Pin To Net: NetName=Net*_4 Pin=*-4
Added Pin To Net: NetName=Net*_4 Pin=C7-2
Added Pin To Net: NetName=Net*_4 Pin=C8-2
Added Pin To Net: NetName=Net*_4 Pin=C9-2
Added Pin To Net: NetName=Net*_4 Pin=C10-1
Added Pin To Net: NetName=Net*_4 Pin=C16-2
Added Pin To Net: NetName=Net*_4 Pin=C17-2
Added Pin To Net: NetName=Net*_4 Pin=C18-2
Added Pin To Net: NetName=Net*_4 Pin=C19-2
Added Pin To Net: NetName=Net*_4 Pin=C22-2
Added Pin To Net: NetName=Net*_4 Pin=C23-2
Added Pin To Net: NetName=Net*_4 Pin=C24-2
Added Pin To Net: NetName=Net*_4 Pin=C25-2
Added Pin To Net: NetName=Net*_4 Pin=C26-2
Added Pin To Net: NetName=Net*_4 Pin=C27-2
Added Pin To Net: NetName=Net*_4 Pin=C28-2
Added Pin To Net: NetName=Net*_4 Pin=C29-2
Added Pin To Net: NetName=Net*_4 Pin=C30-2
Added Pin To Net: NetName=Net*_4 Pin=C31-2
Added Pin To Net: NetName=Net*_4 Pin=C32-2
Added Pin To Net: NetName=Net*_4 Pin=C33-1
Added Pin To Net: NetName=Net*_4 Pin=D1-2
Added Pin To Net: NetName=Net*_4 Pin=R1-2
Added Pin To Net: NetName=Net*_4 Pin=R15-1
Added Pin To Net: NetName=Net*_4 Pin=R17-2
Added Pin To Net: NetName=Net*_4 Pin=R18-2
Added Pin To Net: NetName=Net*_4 Pin=R19-2
Added Pin To Net: NetName=Net*_4 Pin=R29-2
Added Pin To Net: NetName=Net*_4 Pin=R30-2
Added Pin To Net: NetName=Net*_4 Pin=R31-2
Added Pin To Net: NetName=Net*_4 Pin=R32-1
Added Pin To Net: NetName=Net*_4 Pin=R33-1
Added Pin To Net: NetName=Net*_4 Pin=R34-1
Added Pin To Net: NetName=Net*_4 Pin=U2-4
Added Pin To Net: NetName=Net*_4 Pin=U2-9
Added Pin To Net: NetName=Net*_4 Pin=U2-20
Added Pin To Net: NetName=Net*_4 Pin=U2-31
Added Pin To Net: NetName=Net*_4 Pin=U2-42
Added Pin To Net: NetName=Net*_4 Pin=U2-50
Added Pin To Net: NetName=Net*_4 Pin=U2-56
Added Pin To Net: NetName=Net*_4 Pin=U3-6
Added Pin To Net: NetName=Net*_4 Pin=U3-8
Added Pin To Net: NetName=Net*_4 Pin=U4-6
Added Pin To Net: NetName=Net*_4 Pin=U4-30
Added Pin To Net: NetName=Net*_4 Pin=U4-46
Added Pin To Net: NetName=Net*_4 Pin=U4-57
Added Pin To Net: NetName=Net*_4 Pin=U4-72
Added Pin To Net: NetName=Net*_4 Pin=U4-89
Added Pin To Net: NetName=Net*_4 Pin=U4-100
Added Pin To Net: NetName=Net*_4 Pin=U4-123
Added Pin To Net: NetName=Net*_4 Pin=U4-133
Added Pin To Net: NetName=Net*_4 Pin=U5-8
Added Net: Name=Net*_4
Added Pin To Net: NetName=NetC1_2 Pin=C1-2
Added Pin To Net: NetName=NetC1_2 Pin=C2-2
Added Pin To Net: NetName=NetC1_2 Pin=C3-2
Added Pin To Net: NetName=NetC1_2 Pin=C4-2
Added Pin To Net: NetName=NetC1_2 Pin=C5-2
Added Pin To Net: NetName=NetC1_2 Pin=C6-1
Added Pin To Net: NetName=NetC1_2 Pin=C34-2
Added Pin To Net: NetName=NetC1_2 Pin=C35-2
Added Pin To Net: NetName=NetC1_2 Pin=R7-2
Added Pin To Net: NetName=NetC1_2 Pin=U4-27
Added Pin To Net: NetName=NetC1_2 Pin=U4-36
Added Pin To Net: NetName=NetC1_2 Pin=U4-51
Added Pin To Net: NetName=NetC1_2 Pin=U4-92
Added Pin To Net: NetName=NetC1_2 Pin=U4-111
Added Net: Name=NetC1_2
Added Pin To Net: NetName=NetC11_2 Pin=C11-2
Added Pin To Net: NetName=NetC11_2 Pin=C13-1
Added Pin To Net: NetName=NetC11_2 Pin=R1-1
Added Pin To Net: NetName=NetC11_2 Pin=R2-2
Added Pin To Net: NetName=NetC11_2 Pin=R3-2
Added Pin To Net: NetName=NetC11_2 Pin=U1-3
Added Pin To Net: NetName=NetC11_2 Pin=U1-4
Added Net: Name=NetC11_2
Added Pin To Net: NetName=NetC12_2 Pin=C12-2
Added Pin To Net: NetName=NetC12_2 Pin=J1-1
Added Pin To Net: NetName=NetC12_2 Pin=R5-2
Added Pin To Net: NetName=NetC12_2 Pin=R6-2
Added Pin To Net: NetName=NetC12_2 Pin=U1-11
Added Pin To Net: NetName=NetC12_2 Pin=U1-13
Added Pin To Net: NetName=NetC12_2 Pin=U1-14
Added Pin To Net: NetName=NetC12_2 Pin=U1-17
Added Pin To Net: NetName=NetC12_2 Pin=U1-18
Added Pin To Net: NetName=NetC12_2 Pin=U1-20
Added Net: Name=NetC12_2
Added Pin To Net: NetName=NetC13_2 Pin=C13-2
Added Pin To Net: NetName=NetC13_2 Pin=U1-2
Added Net: Name=NetC13_2
Added Pin To Net: NetName=NetC14_2 Pin=C14-2
Added Pin To Net: NetName=NetC14_2 Pin=C15-1
Added Pin To Net: NetName=NetC14_2 Pin=R7-1
Added Pin To Net: NetName=NetC14_2 Pin=R8-2
Added Pin To Net: NetName=NetC14_2 Pin=U1-7
Added Pin To Net: NetName=NetC14_2 Pin=U1-8
Added Pin To Net: NetName=NetC14_2 Pin=U1-10
Added Net: Name=NetC14_2
Added Pin To Net: NetName=NetC15_2 Pin=C15-2
Added Pin To Net: NetName=NetC15_2 Pin=U1-9
Added Net: Name=NetC15_2
Added Pin To Net: NetName=NetC20_2 Pin=C20-2
Added Pin To Net: NetName=NetC20_2 Pin=C21-2
Added Pin To Net: NetName=NetC20_2 Pin=U2-12
Added Pin To Net: NetName=NetC20_2 Pin=U2-37
Added Pin To Net: NetName=NetC20_2 Pin=U2-49
Added Pin To Net: NetName=NetC20_2 Pin=U2-64
Added Net: Name=NetC20_2
Added Pin To Net: NetName=NetC34_1 Pin=C34-1
Added Pin To Net: NetName=NetC34_1 Pin=C35-1
Added Pin To Net: NetName=NetC34_1 Pin=U4-35
Added Net: Name=NetC34_1
Added Pin To Net: NetName=NetD1_1 Pin=D1-1
Added Pin To Net: NetName=NetD1_1 Pin=U4-108
Added Net: Name=NetD1_1
Added Pin To Net: NetName=NetD2_1 Pin=D2-1
Added Pin To Net: NetName=NetD2_1 Pin=D3-1
Added Pin To Net: NetName=NetD2_1 Pin=D4-1
Added Pin To Net: NetName=NetD2_1 Pin=D5-1
Added Pin To Net: NetName=NetD2_1 Pin=D6-1
Added Pin To Net: NetName=NetD2_1 Pin=D7-1
Added Pin To Net: NetName=NetD2_1 Pin=D8-1
Added Pin To Net: NetName=NetD2_1 Pin=D9-1
Added Pin To Net: NetName=NetD2_1 Pin=D10-1
Added Pin To Net: NetName=NetD2_1 Pin=D11-1
Added Pin To Net: NetName=NetD2_1 Pin=D12-1
Added Pin To Net: NetName=NetD2_1 Pin=D13-1
Added Pin To Net: NetName=NetD2_1 Pin=D14-1
Added Pin To Net: NetName=NetD2_1 Pin=D15-1
Added Pin To Net: NetName=NetD2_1 Pin=D16-1
Added Pin To Net: NetName=NetD2_1 Pin=P9-1
Added Net: Name=NetD2_1
Added Pin To Net: NetName=NetD2_2 Pin=D2-2
Added Pin To Net: NetName=NetD2_2 Pin=D17-2
Added Pin To Net: NetName=NetD2_2 Pin=D32-2
Added Pin To Net: NetName=NetD2_2 Pin=D47-2
Added Pin To Net: NetName=NetD2_2 Pin=D62-2
Added Pin To Net: NetName=NetD2_2 Pin=D77-2
Added Pin To Net: NetName=NetD2_2 Pin=D92-2
Added Pin To Net: NetName=NetD2_2 Pin=D107-2
Added Pin To Net: NetName=NetD2_2 Pin=D122-2
Added Pin To Net: NetName=NetD2_2 Pin=D137-2
Added Pin To Net: NetName=NetD2_2 Pin=R35-1
Added Net: Name=NetD2_2
Added Pin To Net: NetName=NetD3_2 Pin=D3-2
Added Pin To Net: NetName=NetD3_2 Pin=D18-2
Added Pin To Net: NetName=NetD3_2 Pin=D33-2
Added Pin To Net: NetName=NetD3_2 Pin=D48-2
Added Pin To Net: NetName=NetD3_2 Pin=D63-2
Added Pin To Net: NetName=NetD3_2 Pin=D78-2
Added Pin To Net: NetName=NetD3_2 Pin=D93-2
Added Pin To Net: NetName=NetD3_2 Pin=D108-2
Added Pin To Net: NetName=NetD3_2 Pin=D123-2
Added Pin To Net: NetName=NetD3_2 Pin=D138-2
Added Pin To Net: NetName=NetD3_2 Pin=R36-1
Added Net: Name=NetD3_2
Added Pin To Net: NetName=NetD4_2 Pin=D4-2
Added Pin To Net: NetName=NetD4_2 Pin=D19-2
Added Pin To Net: NetName=NetD4_2 Pin=D34-2
Added Pin To Net: NetName=NetD4_2 Pin=D49-2
Added Pin To Net: NetName=NetD4_2 Pin=D64-2
Added Pin To Net: NetName=NetD4_2 Pin=D79-2
Added Pin To Net: NetName=NetD4_2 Pin=D94-2
Added Pin To Net: NetName=NetD4_2 Pin=D109-2
Added Pin To Net: NetName=NetD4_2 Pin=D124-2
Added Pin To Net: NetName=NetD4_2 Pin=D139-2
Added Pin To Net: NetName=NetD4_2 Pin=R37-1
Added Net: Name=NetD4_2
Added Pin To Net: NetName=NetD5_2 Pin=D5-2
Added Pin To Net: NetName=NetD5_2 Pin=D20-2
Added Pin To Net: NetName=NetD5_2 Pin=D35-2
Added Pin To Net: NetName=NetD5_2 Pin=D50-2
Added Pin To Net: NetName=NetD5_2 Pin=D65-2
Added Pin To Net: NetName=NetD5_2 Pin=D80-2
Added Pin To Net: NetName=NetD5_2 Pin=D95-2
Added Pin To Net: NetName=NetD5_2 Pin=D110-2
Added Pin To Net: NetName=NetD5_2 Pin=D125-2
Added Pin To Net: NetName=NetD5_2 Pin=D140-2
Added Pin To Net: NetName=NetD5_2 Pin=R38-1
Added Net: Name=NetD5_2
Added Pin To Net: NetName=NetD6_2 Pin=D6-2
Added Pin To Net: NetName=NetD6_2 Pin=D21-2
Added Pin To Net: NetName=NetD6_2 Pin=D36-2
Added Pin To Net: NetName=NetD6_2 Pin=D51-2
Added Pin To Net: NetName=NetD6_2 Pin=D66-2
Added Pin To Net: NetName=NetD6_2 Pin=D81-2
Added Pin To Net: NetName=NetD6_2 Pin=D96-2
Added Pin To Net: NetName=NetD6_2 Pin=D111-2
Added Pin To Net: NetName=NetD6_2 Pin=D126-2
Added Pin To Net: NetName=NetD6_2 Pin=D141-2
Added Pin To Net: NetName=NetD6_2 Pin=R39-1
Added Net: Name=NetD6_2
Added Pin To Net: NetName=NetD7_2 Pin=D7-2
Added Pin To Net: NetName=NetD7_2 Pin=D22-2
Added Pin To Net: NetName=NetD7_2 Pin=D37-2
Added Pin To Net: NetName=NetD7_2 Pin=D52-2
Added Pin To Net: NetName=NetD7_2 Pin=D67-2
Added Pin To Net: NetName=NetD7_2 Pin=D82-2
Added Pin To Net: NetName=NetD7_2 Pin=D97-2
Added Pin To Net: NetName=NetD7_2 Pin=D112-2
Added Pin To Net: NetName=NetD7_2 Pin=D127-2
Added Pin To Net: NetName=NetD7_2 Pin=D142-2
Added Pin To Net: NetName=NetD7_2 Pin=R40-1
Added Net: Name=NetD7_2
Added Pin To Net: NetName=NetD8_2 Pin=D8-2
Added Pin To Net: NetName=NetD8_2 Pin=D23-2
Added Pin To Net: NetName=NetD8_2 Pin=D38-2
Added Pin To Net: NetName=NetD8_2 Pin=D53-2
Added Pin To Net: NetName=NetD8_2 Pin=D68-2
Added Pin To Net: NetName=NetD8_2 Pin=D83-2
Added Pin To Net: NetName=NetD8_2 Pin=D98-2
Added Pin To Net: NetName=NetD8_2 Pin=D113-2
Added Pin To Net: NetName=NetD8_2 Pin=D128-2
Added Pin To Net: NetName=NetD8_2 Pin=D143-2
Added Pin To Net: NetName=NetD8_2 Pin=R41-1
Added Net: Name=NetD8_2
Added Pin To Net: NetName=NetD9_2 Pin=D9-2
Added Pin To Net: NetName=NetD9_2 Pin=D24-2
Added Pin To Net: NetName=NetD9_2 Pin=D39-2
Added Pin To Net: NetName=NetD9_2 Pin=D54-2
Added Pin To Net: NetName=NetD9_2 Pin=D69-2
Added Pin To Net: NetName=NetD9_2 Pin=D84-2
Added Pin To Net: NetName=NetD9_2 Pin=D99-2
Added Pin To Net: NetName=NetD9_2 Pin=D114-2
Added Pin To Net: NetName=NetD9_2 Pin=D129-2
Added Pin To Net: NetName=NetD9_2 Pin=D144-2
Added Pin To Net: NetName=NetD9_2 Pin=R42-1
Added Net: Name=NetD9_2
Added Pin To Net: NetName=NetD10_2 Pin=D10-2
Added Pin To Net: NetName=NetD10_2 Pin=D25-2
Added Pin To Net: NetName=NetD10_2 Pin=D40-2
Added Pin To Net: NetName=NetD10_2 Pin=D55-2
Added Pin To Net: NetName=NetD10_2 Pin=D70-2
Added Pin To Net: NetName=NetD10_2 Pin=D85-2
Added Pin To Net: NetName=NetD10_2 Pin=D100-2
Added Pin To Net: NetName=NetD10_2 Pin=D115-2
Added Pin To Net: NetName=NetD10_2 Pin=D130-2
Added Pin To Net: NetName=NetD10_2 Pin=D145-2
Added Pin To Net: NetName=NetD10_2 Pin=R43-1
Added Net: Name=NetD10_2
Added Pin To Net: NetName=NetD11_2 Pin=D11-2
Added Pin To Net: NetName=NetD11_2 Pin=D26-2
Added Pin To Net: NetName=NetD11_2 Pin=D41-2
Added Pin To Net: NetName=NetD11_2 Pin=D56-2
Added Pin To Net: NetName=NetD11_2 Pin=D71-2
Added Pin To Net: NetName=NetD11_2 Pin=D86-2
Added Pin To Net: NetName=NetD11_2 Pin=D101-2
Added Pin To Net: NetName=NetD11_2 Pin=D116-2
Added Pin To Net: NetName=NetD11_2 Pin=D131-2
Added Pin To Net: NetName=NetD11_2 Pin=D146-2
Added Pin To Net: NetName=NetD11_2 Pin=R44-1
Added Net: Name=NetD11_2
Added Pin To Net: NetName=NetD12_2 Pin=D12-2
Added Pin To Net: NetName=NetD12_2 Pin=D27-2
Added Pin To Net: NetName=NetD12_2 Pin=D42-2
Added Pin To Net: NetName=NetD12_2 Pin=D57-2
Added Pin To Net: NetName=NetD12_2 Pin=D72-2
Added Pin To Net: NetName=NetD12_2 Pin=D87-2
Added Pin To Net: NetName=NetD12_2 Pin=D102-2
Added Pin To Net: NetName=NetD12_2 Pin=D117-2
Added Pin To Net: NetName=NetD12_2 Pin=D132-2
Added Pin To Net: NetName=NetD12_2 Pin=D147-2
Added Pin To Net: NetName=NetD12_2 Pin=R45-1
Added Net: Name=NetD12_2
Added Pin To Net: NetName=NetD13_2 Pin=D13-2
Added Pin To Net: NetName=NetD13_2 Pin=D28-2
Added Pin To Net: NetName=NetD13_2 Pin=D43-2
Added Pin To Net: NetName=NetD13_2 Pin=D58-2
Added Pin To Net: NetName=NetD13_2 Pin=D73-2
Added Pin To Net: NetName=NetD13_2 Pin=D88-2
Added Pin To Net: NetName=NetD13_2 Pin=D103-2
Added Pin To Net: NetName=NetD13_2 Pin=D118-2
Added Pin To Net: NetName=NetD13_2 Pin=D133-2
Added Pin To Net: NetName=NetD13_2 Pin=D148-2
Added Pin To Net: NetName=NetD13_2 Pin=R46-1
Added Net: Name=NetD13_2
Added Pin To Net: NetName=NetD14_2 Pin=D14-2
Added Pin To Net: NetName=NetD14_2 Pin=D29-2
Added Pin To Net: NetName=NetD14_2 Pin=D44-2
Added Pin To Net: NetName=NetD14_2 Pin=D59-2
Added Pin To Net: NetName=NetD14_2 Pin=D74-2
Added Pin To Net: NetName=NetD14_2 Pin=D89-2
Added Pin To Net: NetName=NetD14_2 Pin=D104-2
Added Pin To Net: NetName=NetD14_2 Pin=D119-2
Added Pin To Net: NetName=NetD14_2 Pin=D134-2
Added Pin To Net: NetName=NetD14_2 Pin=D149-2
Added Pin To Net: NetName=NetD14_2 Pin=R47-1
Added Net: Name=NetD14_2
Added Pin To Net: NetName=NetD15_2 Pin=D15-2
Added Pin To Net: NetName=NetD15_2 Pin=D30-2
Added Pin To Net: NetName=NetD15_2 Pin=D45-2
Added Pin To Net: NetName=NetD15_2 Pin=D60-2
Added Pin To Net: NetName=NetD15_2 Pin=D75-2
Added Pin To Net: NetName=NetD15_2 Pin=D90-2
Added Pin To Net: NetName=NetD15_2 Pin=D105-2
Added Pin To Net: NetName=NetD15_2 Pin=D120-2
Added Pin To Net: NetName=NetD15_2 Pin=D135-2
Added Pin To Net: NetName=NetD15_2 Pin=D150-2
Added Pin To Net: NetName=NetD15_2 Pin=R48-1
Added Net: Name=NetD15_2
Added Pin To Net: NetName=NetD16_2 Pin=D16-2
Added Pin To Net: NetName=NetD16_2 Pin=D31-2
Added Pin To Net: NetName=NetD16_2 Pin=D46-2
Added Pin To Net: NetName=NetD16_2 Pin=D61-2
Added Pin To Net: NetName=NetD16_2 Pin=D76-2
Added Pin To Net: NetName=NetD16_2 Pin=D91-2
Added Pin To Net: NetName=NetD16_2 Pin=D106-2
Added Pin To Net: NetName=NetD16_2 Pin=D121-2
Added Pin To Net: NetName=NetD16_2 Pin=D136-2
Added Pin To Net: NetName=NetD16_2 Pin=D151-2
Added Pin To Net: NetName=NetD16_2 Pin=R49-1
Added Net: Name=NetD16_2
Added Pin To Net: NetName=NetD17_1 Pin=D17-1
Added Pin To Net: NetName=NetD17_1 Pin=D18-1
Added Pin To Net: NetName=NetD17_1 Pin=D19-1
Added Pin To Net: NetName=NetD17_1 Pin=D20-1
Added Pin To Net: NetName=NetD17_1 Pin=D21-1
Added Pin To Net: NetName=NetD17_1 Pin=D22-1
Added Pin To Net: NetName=NetD17_1 Pin=D23-1
Added Pin To Net: NetName=NetD17_1 Pin=D24-1
Added Pin To Net: NetName=NetD17_1 Pin=D25-1
Added Pin To Net: NetName=NetD17_1 Pin=D26-1
Added Pin To Net: NetName=NetD17_1 Pin=D27-1
Added Pin To Net: NetName=NetD17_1 Pin=D28-1
Added Pin To Net: NetName=NetD17_1 Pin=D29-1
Added Pin To Net: NetName=NetD17_1 Pin=D30-1
Added Pin To Net: NetName=NetD17_1 Pin=D31-1
Added Pin To Net: NetName=NetD17_1 Pin=P9-2
Added Net: Name=NetD17_1
Added Pin To Net: NetName=NetD32_1 Pin=D32-1
Added Pin To Net: NetName=NetD32_1 Pin=D33-1
Added Pin To Net: NetName=NetD32_1 Pin=D34-1
Added Pin To Net: NetName=NetD32_1 Pin=D35-1
Added Pin To Net: NetName=NetD32_1 Pin=D36-1
Added Pin To Net: NetName=NetD32_1 Pin=D37-1
Added Pin To Net: NetName=NetD32_1 Pin=D38-1
Added Pin To Net: NetName=NetD32_1 Pin=D39-1
Added Pin To Net: NetName=NetD32_1 Pin=D40-1
Added Pin To Net: NetName=NetD32_1 Pin=D41-1
Added Pin To Net: NetName=NetD32_1 Pin=D42-1
Added Pin To Net: NetName=NetD32_1 Pin=D43-1
Added Pin To Net: NetName=NetD32_1 Pin=D44-1
Added Pin To Net: NetName=NetD32_1 Pin=D45-1
Added Pin To Net: NetName=NetD32_1 Pin=D46-1
Added Pin To Net: NetName=NetD32_1 Pin=P9-3
Added Net: Name=NetD32_1
Added Pin To Net: NetName=NetD47_1 Pin=D47-1
Added Pin To Net: NetName=NetD47_1 Pin=D48-1
Added Pin To Net: NetName=NetD47_1 Pin=D49-1
Added Pin To Net: NetName=NetD47_1 Pin=D50-1
Added Pin To Net: NetName=NetD47_1 Pin=D51-1
Added Pin To Net: NetName=NetD47_1 Pin=D52-1
Added Pin To Net: NetName=NetD47_1 Pin=D53-1
Added Pin To Net: NetName=NetD47_1 Pin=D54-1
Added Pin To Net: NetName=NetD47_1 Pin=D55-1
Added Pin To Net: NetName=NetD47_1 Pin=D56-1
Added Pin To Net: NetName=NetD47_1 Pin=D57-1
Added Pin To Net: NetName=NetD47_1 Pin=D58-1
Added Pin To Net: NetName=NetD47_1 Pin=D59-1
Added Pin To Net: NetName=NetD47_1 Pin=D60-1
Added Pin To Net: NetName=NetD47_1 Pin=D61-1
Added Pin To Net: NetName=NetD47_1 Pin=P9-4
Added Net: Name=NetD47_1
Added Pin To Net: NetName=NetD62_1 Pin=D62-1
Added Pin To Net: NetName=NetD62_1 Pin=D63-1
Added Pin To Net: NetName=NetD62_1 Pin=D64-1
Added Pin To Net: NetName=NetD62_1 Pin=D65-1
Added Pin To Net: NetName=NetD62_1 Pin=D66-1
Added Pin To Net: NetName=NetD62_1 Pin=D67-1
Added Pin To Net: NetName=NetD62_1 Pin=D68-1
Added Pin To Net: NetName=NetD62_1 Pin=D69-1
Added Pin To Net: NetName=NetD62_1 Pin=D70-1
Added Pin To Net: NetName=NetD62_1 Pin=D71-1
Added Pin To Net: NetName=NetD62_1 Pin=D72-1
Added Pin To Net: NetName=NetD62_1 Pin=D73-1
Added Pin To Net: NetName=NetD62_1 Pin=D74-1
Added Pin To Net: NetName=NetD62_1 Pin=D75-1
Added Pin To Net: NetName=NetD62_1 Pin=D76-1
Added Pin To Net: NetName=NetD62_1 Pin=P9-5
Added Net: Name=NetD62_1
Added Pin To Net: NetName=NetD77_1 Pin=D77-1
Added Pin To Net: NetName=NetD77_1 Pin=D78-1
Added Pin To Net: NetName=NetD77_1 Pin=D79-1
Added Pin To Net: NetName=NetD77_1 Pin=D80-1
Added Pin To Net: NetName=NetD77_1 Pin=D81-1
Added Pin To Net: NetName=NetD77_1 Pin=D82-1
Added Pin To Net: NetName=NetD77_1 Pin=D83-1
Added Pin To Net: NetName=NetD77_1 Pin=D84-1
Added Pin To Net: NetName=NetD77_1 Pin=D85-1
Added Pin To Net: NetName=NetD77_1 Pin=D86-1
Added Pin To Net: NetName=NetD77_1 Pin=D87-1
Added Pin To Net: NetName=NetD77_1 Pin=D88-1
Added Pin To Net: NetName=NetD77_1 Pin=D89-1
Added Pin To Net: NetName=NetD77_1 Pin=D90-1
Added Pin To Net: NetName=NetD77_1 Pin=D91-1
Added Pin To Net: NetName=NetD77_1 Pin=P9-6
Added Net: Name=NetD77_1
Added Pin To Net: NetName=NetD92_1 Pin=D92-1
Added Pin To Net: NetName=NetD92_1 Pin=D93-1
Added Pin To Net: NetName=NetD92_1 Pin=D94-1
Added Pin To Net: NetName=NetD92_1 Pin=D95-1
Added Pin To Net: NetName=NetD92_1 Pin=D96-1
Added Pin To Net: NetName=NetD92_1 Pin=D97-1
Added Pin To Net: NetName=NetD92_1 Pin=D98-1
Added Pin To Net: NetName=NetD92_1 Pin=D99-1
Added Pin To Net: NetName=NetD92_1 Pin=D100-1
Added Pin To Net: NetName=NetD92_1 Pin=D101-1
Added Pin To Net: NetName=NetD92_1 Pin=D102-1
Added Pin To Net: NetName=NetD92_1 Pin=D103-1
Added Pin To Net: NetName=NetD92_1 Pin=D104-1
Added Pin To Net: NetName=NetD92_1 Pin=D105-1
Added Pin To Net: NetName=NetD92_1 Pin=D106-1
Added Pin To Net: NetName=NetD92_1 Pin=P9-7
Added Net: Name=NetD92_1
Added Pin To Net: NetName=NetD107_1 Pin=D107-1
Added Pin To Net: NetName=NetD107_1 Pin=D108-1
Added Pin To Net: NetName=NetD107_1 Pin=D109-1
Added Pin To Net: NetName=NetD107_1 Pin=D110-1
Added Pin To Net: NetName=NetD107_1 Pin=D111-1
Added Pin To Net: NetName=NetD107_1 Pin=D112-1
Added Pin To Net: NetName=NetD107_1 Pin=D113-1
Added Pin To Net: NetName=NetD107_1 Pin=D114-1
Added Pin To Net: NetName=NetD107_1 Pin=D115-1
Added Pin To Net: NetName=NetD107_1 Pin=D116-1
Added Pin To Net: NetName=NetD107_1 Pin=D117-1
Added Pin To Net: NetName=NetD107_1 Pin=D118-1
Added Pin To Net: NetName=NetD107_1 Pin=D119-1
Added Pin To Net: NetName=NetD107_1 Pin=D120-1
Added Pin To Net: NetName=NetD107_1 Pin=D121-1
Added Pin To Net: NetName=NetD107_1 Pin=P9-8
Added Net: Name=NetD107_1
Added Pin To Net: NetName=NetD122_1 Pin=D122-1
Added Pin To Net: NetName=NetD122_1 Pin=D123-1
Added Pin To Net: NetName=NetD122_1 Pin=D124-1
Added Pin To Net: NetName=NetD122_1 Pin=D125-1
Added Pin To Net: NetName=NetD122_1 Pin=D126-1
Added Pin To Net: NetName=NetD122_1 Pin=D127-1
Added Pin To Net: NetName=NetD122_1 Pin=D128-1
Added Pin To Net: NetName=NetD122_1 Pin=D129-1
Added Pin To Net: NetName=NetD122_1 Pin=D130-1
Added Pin To Net: NetName=NetD122_1 Pin=D131-1
Added Pin To Net: NetName=NetD122_1 Pin=D132-1
Added Pin To Net: NetName=NetD122_1 Pin=D133-1
Added Pin To Net: NetName=NetD122_1 Pin=D134-1
Added Pin To Net: NetName=NetD122_1 Pin=D135-1
Added Pin To Net: NetName=NetD122_1 Pin=D136-1
Added Pin To Net: NetName=NetD122_1 Pin=P9-9
Added Net: Name=NetD122_1
Added Pin To Net: NetName=NetD137_1 Pin=D137-1
Added Pin To Net: NetName=NetD137_1 Pin=D138-1
Added Pin To Net: NetName=NetD137_1 Pin=D139-1
Added Pin To Net: NetName=NetD137_1 Pin=D140-1
Added Pin To Net: NetName=NetD137_1 Pin=D141-1
Added Pin To Net: NetName=NetD137_1 Pin=D142-1
Added Pin To Net: NetName=NetD137_1 Pin=D143-1
Added Pin To Net: NetName=NetD137_1 Pin=D144-1
Added Pin To Net: NetName=NetD137_1 Pin=D145-1
Added Pin To Net: NetName=NetD137_1 Pin=D146-1
Added Pin To Net: NetName=NetD137_1 Pin=D147-1
Added Pin To Net: NetName=NetD137_1 Pin=D148-1
Added Pin To Net: NetName=NetD137_1 Pin=D149-1
Added Pin To Net: NetName=NetD137_1 Pin=D150-1
Added Pin To Net: NetName=NetD137_1 Pin=D151-1
Added Pin To Net: NetName=NetD137_1 Pin=P9-10
Added Net: Name=NetD137_1
Added Pin To Net: NetName=NetJ1_2 Pin=J1-2
Added Pin To Net: NetName=NetJ1_2 Pin=U2-7
Added Net: Name=NetJ1_2
Added Pin To Net: NetName=NetJ1_3 Pin=J1-3
Added Pin To Net: NetName=NetJ1_3 Pin=U2-8
Added Net: Name=NetJ1_3
Added Pin To Net: NetName=NetP1_1 Pin=P1-1
Added Pin To Net: NetName=NetP1_1 Pin=U4-112
Added Net: Name=NetP1_1
Added Pin To Net: NetName=NetP1_2 Pin=P1-2
Added Pin To Net: NetName=NetP1_2 Pin=U4-113
Added Net: Name=NetP1_2
Added Pin To Net: NetName=NetP1_3 Pin=P1-3
Added Pin To Net: NetName=NetP1_3 Pin=U4-114
Added Net: Name=NetP1_3
Added Pin To Net: NetName=NetP1_4 Pin=P1-4
Added Pin To Net: NetName=NetP1_4 Pin=U4-115
Added Net: Name=NetP1_4
Added Pin To Net: NetName=NetP1_5 Pin=P1-5
Added Pin To Net: NetName=NetP1_5 Pin=U4-116
Added Net: Name=NetP1_5
Added Pin To Net: NetName=NetP1_6 Pin=P1-6
Added Pin To Net: NetName=NetP1_6 Pin=U4-117
Added Net: Name=NetP1_6
Added Pin To Net: NetName=NetP1_7 Pin=P1-7
Added Pin To Net: NetName=NetP1_7 Pin=U4-118
Added Net: Name=NetP1_7
Added Pin To Net: NetName=NetP1_8 Pin=P1-8
Added Pin To Net: NetName=NetP1_8 Pin=U4-119
Added Net: Name=NetP1_8
Added Pin To Net: NetName=NetP1_9 Pin=P1-9
Added Pin To Net: NetName=NetP1_9 Pin=U4-120
Added Net: Name=NetP1_9
Added Pin To Net: NetName=NetP1_10 Pin=P1-10
Added Pin To Net: NetName=NetP1_10 Pin=U4-121
Added Net: Name=NetP1_10
Added Pin To Net: NetName=NetP1_11 Pin=P1-11
Added Pin To Net: NetName=NetP1_11 Pin=U4-122
Added Net: Name=NetP1_11
Added Pin To Net: NetName=NetP1_12 Pin=P1-12
Added Pin To Net: NetName=NetP1_12 Pin=U4-128
Added Net: Name=NetP1_12
Added Pin To Net: NetName=NetP1_13 Pin=P1-13
Added Pin To Net: NetName=NetP1_13 Pin=U4-129
Added Net: Name=NetP1_13
Added Pin To Net: NetName=NetP2_1 Pin=P2-1
Added Pin To Net: NetName=NetP2_1 Pin=U4-73
Added Net: Name=NetP2_1
Added Pin To Net: NetName=NetP2_2 Pin=P2-2
Added Pin To Net: NetName=NetP2_2 Pin=U4-74
Added Net: Name=NetP2_2
Added Pin To Net: NetName=NetP2_3 Pin=P2-3
Added Pin To Net: NetName=NetP2_3 Pin=U4-75
Added Net: Name=NetP2_3
Added Pin To Net: NetName=NetP2_4 Pin=P2-4
Added Pin To Net: NetName=NetP2_4 Pin=U4-76
Added Net: Name=NetP2_4
Added Pin To Net: NetName=NetP2_5 Pin=P2-5
Added Pin To Net: NetName=NetP2_5 Pin=U4-78
Added Net: Name=NetP2_5
Added Pin To Net: NetName=NetP2_6 Pin=P2-6
Added Pin To Net: NetName=NetP2_6 Pin=U4-79
Added Net: Name=NetP2_6
Added Pin To Net: NetName=NetP2_7 Pin=P2-7
Added Pin To Net: NetName=NetP2_7 Pin=U4-80
Added Net: Name=NetP2_7
Added Pin To Net: NetName=NetP2_8 Pin=P2-8
Added Pin To Net: NetName=NetP2_8 Pin=U4-81
Added Net: Name=NetP2_8
Added Pin To Net: NetName=NetP2_9 Pin=P2-9
Added Pin To Net: NetName=NetP2_9 Pin=U4-87
Added Net: Name=NetP2_9
Added Pin To Net: NetName=NetP2_10 Pin=P2-10
Added Pin To Net: NetName=NetP2_10 Pin=U4-88
Added Net: Name=NetP2_10
Added Pin To Net: NetName=NetP3_1 Pin=P3-1
Added Pin To Net: NetName=NetP3_1 Pin=U4-37
Added Net: Name=NetP3_1
Added Pin To Net: NetName=NetP3_2 Pin=P3-2
Added Pin To Net: NetName=NetP3_2 Pin=U4-38
Added Net: Name=NetP3_2
Added Pin To Net: NetName=NetP3_3 Pin=P3-3
Added Pin To Net: NetName=NetP3_3 Pin=U4-39
Added Net: Name=NetP3_3
Added Pin To Net: NetName=NetP3_4 Pin=P3-4
Added Pin To Net: NetName=NetP3_4 Pin=U4-41
Added Net: Name=NetP3_4
Added Pin To Net: NetName=NetP3_5 Pin=P3-5
Added Pin To Net: NetName=NetP3_5 Pin=U4-42
Added Net: Name=NetP3_5
Added Pin To Net: NetName=NetP3_6 Pin=P3-6
Added Pin To Net: NetName=NetP3_6 Pin=U4-43
Added Net: Name=NetP3_6
Added Pin To Net: NetName=NetP3_7 Pin=P3-7
Added Pin To Net: NetName=NetP3_7 Pin=U4-44
Added Net: Name=NetP3_7
Added Pin To Net: NetName=NetP3_8 Pin=P3-8
Added Pin To Net: NetName=NetP3_8 Pin=U4-45
Added Net: Name=NetP3_8
Added Pin To Net: NetName=NetP3_9 Pin=P3-9
Added Pin To Net: NetName=NetP3_9 Pin=U4-47
Added Net: Name=NetP3_9
Added Pin To Net: NetName=NetP3_10 Pin=P3-10
Added Pin To Net: NetName=NetP3_10 Pin=U4-48
Added Net: Name=NetP3_10
Added Pin To Net: NetName=NetP4_1 Pin=P4-1
Added Pin To Net: NetName=NetP4_1 Pin=U4-10
Added Net: Name=NetP4_1
Added Pin To Net: NetName=NetP4_2 Pin=P4-2
Added Pin To Net: NetName=NetP4_2 Pin=U4-11
Added Net: Name=NetP4_2
Added Pin To Net: NetName=NetP4_3 Pin=P4-3
Added Pin To Net: NetName=NetP4_3 Pin=U4-12
Added Net: Name=NetP4_3
Added Pin To Net: NetName=NetP4_4 Pin=P4-4
Added Pin To Net: NetName=NetP4_4 Pin=U4-19
Added Net: Name=NetP4_4
Added Pin To Net: NetName=NetP4_5 Pin=P4-5
Added Pin To Net: NetName=NetP4_5 Pin=U4-20
Added Net: Name=NetP4_5
Added Pin To Net: NetName=NetP4_6 Pin=P4-6
Added Pin To Net: NetName=NetP4_6 Pin=U4-22
Added Net: Name=NetP4_6
Added Pin To Net: NetName=NetP4_7 Pin=P4-7
Added Pin To Net: NetName=NetP4_7 Pin=U4-23
Added Net: Name=NetP4_7
Added Pin To Net: NetName=NetP4_8 Pin=P4-8
Added Pin To Net: NetName=NetP4_8 Pin=U4-24
Added Net: Name=NetP4_8
Added Pin To Net: NetName=NetP4_9 Pin=P4-9
Added Pin To Net: NetName=NetP4_9 Pin=U4-25
Added Net: Name=NetP4_9
Added Pin To Net: NetName=NetP4_10 Pin=P4-10
Added Pin To Net: NetName=NetP4_10 Pin=U4-26
Added Net: Name=NetP4_10
Added Pin To Net: NetName=NetP4_11 Pin=P4-11
Added Pin To Net: NetName=NetP4_11 Pin=U4-28
Added Net: Name=NetP4_11
Added Pin To Net: NetName=NetP4_12 Pin=P4-12
Added Pin To Net: NetName=NetP4_12 Pin=U4-29
Added Net: Name=NetP4_12
Added Pin To Net: NetName=NetP4_13 Pin=P4-13
Added Pin To Net: NetName=NetP4_13 Pin=U4-31
Added Net: Name=NetP4_13
Added Pin To Net: NetName=NetP4_14 Pin=P4-14
Added Pin To Net: NetName=NetP4_14 Pin=U4-32
Added Net: Name=NetP4_14
Added Pin To Net: NetName=NetP4_15 Pin=P4-15
Added Pin To Net: NetName=NetP4_15 Pin=U4-33
Added Net: Name=NetP4_15
Added Pin To Net: NetName=NetP4_16 Pin=P4-16
Added Pin To Net: NetName=NetP4_16 Pin=U4-34
Added Net: Name=NetP4_16
Added Pin To Net: NetName=NetP5_1 Pin=P5-1
Added Pin To Net: NetName=NetP5_1 Pin=U4-134
Added Net: Name=NetP5_1
Added Pin To Net: NetName=NetP5_2 Pin=P5-2
Added Pin To Net: NetName=NetP5_2 Pin=U4-135
Added Net: Name=NetP5_2
Added Pin To Net: NetName=NetP5_3 Pin=P5-3
Added Pin To Net: NetName=NetP5_3 Pin=U4-136
Added Net: Name=NetP5_3
Added Pin To Net: NetName=NetP5_4 Pin=P5-4
Added Pin To Net: NetName=NetP5_4 Pin=U4-137
Added Net: Name=NetP5_4
Added Pin To Net: NetName=NetP5_5 Pin=P5-5
Added Pin To Net: NetName=NetP5_5 Pin=U4-138
Added Net: Name=NetP5_5
Added Pin To Net: NetName=NetP5_6 Pin=P5-6
Added Pin To Net: NetName=NetP5_6 Pin=U4-139
Added Net: Name=NetP5_6
Added Pin To Net: NetName=NetP5_7 Pin=P5-7
Added Pin To Net: NetName=NetP5_7 Pin=U4-141
Added Net: Name=NetP5_7
Added Pin To Net: NetName=NetP5_8 Pin=P5-8
Added Pin To Net: NetName=NetP5_8 Pin=U4-142
Added Net: Name=NetP5_8
Added Pin To Net: NetName=NetP5_9 Pin=P5-9
Added Pin To Net: NetName=NetP5_9 Pin=U4-143
Added Net: Name=NetP5_9
Added Pin To Net: NetName=NetP5_10 Pin=P5-10
Added Pin To Net: NetName=NetP5_10 Pin=U4-144
Added Net: Name=NetP5_10
Added Pin To Net: NetName=NetP6_1 Pin=P6-1
Added Pin To Net: NetName=NetP6_1 Pin=U4-90
Added Net: Name=NetP6_1
Added Pin To Net: NetName=NetP6_2 Pin=P6-2
Added Pin To Net: NetName=NetP6_2 Pin=U4-91
Added Net: Name=NetP6_2
Added Pin To Net: NetName=NetP6_3 Pin=P6-3
Added Pin To Net: NetName=NetP6_3 Pin=U4-93
Added Net: Name=NetP6_3
Added Pin To Net: NetName=NetP6_4 Pin=P6-4
Added Pin To Net: NetName=NetP6_4 Pin=U4-94
Added Net: Name=NetP6_4
Added Pin To Net: NetName=NetP6_5 Pin=P6-5
Added Pin To Net: NetName=NetP6_5 Pin=U4-95
Added Net: Name=NetP6_5
Added Pin To Net: NetName=NetP6_6 Pin=P6-6
Added Pin To Net: NetName=NetP6_6 Pin=U4-96
Added Net: Name=NetP6_6
Added Pin To Net: NetName=NetP6_7 Pin=P6-7
Added Pin To Net: NetName=NetP6_7 Pin=U4-97
Added Net: Name=NetP6_7
Added Pin To Net: NetName=NetP6_8 Pin=P6-8
Added Pin To Net: NetName=NetP6_8 Pin=U4-98
Added Net: Name=NetP6_8
Added Pin To Net: NetName=NetP6_9 Pin=P6-9
Added Pin To Net: NetName=NetP6_9 Pin=U4-99
Added Net: Name=NetP6_9
Added Pin To Net: NetName=NetP6_10 Pin=P6-10
Added Pin To Net: NetName=NetP6_10 Pin=U4-101
Added Net: Name=NetP6_10
Added Pin To Net: NetName=NetP6_11 Pin=P6-11
Added Pin To Net: NetName=NetP6_11 Pin=U4-102
Added Net: Name=NetP6_11
Added Pin To Net: NetName=NetP6_12 Pin=P6-12
Added Pin To Net: NetName=NetP6_12 Pin=U4-104
Added Net: Name=NetP6_12
Added Pin To Net: NetName=NetP6_13 Pin=P6-13
Added Pin To Net: NetName=NetP6_13 Pin=U4-105
Added Net: Name=NetP6_13
Added Pin To Net: NetName=NetP6_14 Pin=P6-14
Added Pin To Net: NetName=NetP6_14 Pin=U4-106
Added Net: Name=NetP6_14
Added Pin To Net: NetName=NetP6_15 Pin=P6-15
Added Pin To Net: NetName=NetP6_15 Pin=U4-107
Added Net: Name=NetP6_15
Added Pin To Net: NetName=NetP7_1 Pin=P7-1
Added Pin To Net: NetName=NetP7_1 Pin=U4-49
Added Net: Name=NetP7_1
Added Pin To Net: NetName=NetP7_2 Pin=P7-2
Added Pin To Net: NetName=NetP7_2 Pin=U4-50
Added Net: Name=NetP7_2
Added Pin To Net: NetName=NetP7_3 Pin=P7-3
Added Pin To Net: NetName=NetP7_3 Pin=U4-52
Added Net: Name=NetP7_3
Added Pin To Net: NetName=NetP7_4 Pin=P7-4
Added Pin To Net: NetName=NetP7_4 Pin=U4-56
Added Net: Name=NetP7_4
Added Pin To Net: NetName=NetP7_5 Pin=P7-5
Added Pin To Net: NetName=NetP7_5 Pin=U4-58
Added Net: Name=NetP7_5
Added Pin To Net: NetName=NetP7_6 Pin=P7-6
Added Pin To Net: NetName=NetP7_6 Pin=U4-60
Added Net: Name=NetP7_6
Added Pin To Net: NetName=NetP7_7 Pin=P7-7
Added Pin To Net: NetName=NetP7_7 Pin=U4-61
Added Net: Name=NetP7_7
Added Pin To Net: NetName=NetP7_8 Pin=P7-8
Added Pin To Net: NetName=NetP7_8 Pin=U4-62
Added Net: Name=NetP7_8
Added Pin To Net: NetName=NetP7_9 Pin=P7-9
Added Pin To Net: NetName=NetP7_9 Pin=U4-63
Added Net: Name=NetP7_9
Added Pin To Net: NetName=NetP7_10 Pin=P7-10
Added Pin To Net: NetName=NetP7_10 Pin=U4-64
Added Net: Name=NetP7_10
Added Pin To Net: NetName=NetP8_1 Pin=P8-1
Added Pin To Net: NetName=NetP8_1 Pin=R49-2
Added Net: Name=NetP8_1
Added Pin To Net: NetName=NetP8_2 Pin=P8-2
Added Pin To Net: NetName=NetP8_2 Pin=R48-2
Added Net: Name=NetP8_2
Added Pin To Net: NetName=NetP8_3 Pin=P8-3
Added Pin To Net: NetName=NetP8_3 Pin=R47-2
Added Net: Name=NetP8_3
Added Pin To Net: NetName=NetP8_4 Pin=P8-4
Added Pin To Net: NetName=NetP8_4 Pin=R46-2
Added Net: Name=NetP8_4
Added Pin To Net: NetName=NetP8_5 Pin=P8-5
Added Pin To Net: NetName=NetP8_5 Pin=R45-2
Added Net: Name=NetP8_5
Added Pin To Net: NetName=NetP8_6 Pin=P8-6
Added Pin To Net: NetName=NetP8_6 Pin=R44-2
Added Net: Name=NetP8_6
Added Pin To Net: NetName=NetP8_7 Pin=P8-7
Added Pin To Net: NetName=NetP8_7 Pin=R43-2
Added Net: Name=NetP8_7
Added Pin To Net: NetName=NetP8_8 Pin=P8-8
Added Pin To Net: NetName=NetP8_8 Pin=R42-2
Added Net: Name=NetP8_8
Added Pin To Net: NetName=NetP8_9 Pin=P8-9
Added Pin To Net: NetName=NetP8_9 Pin=R41-2
Added Net: Name=NetP8_9
Added Pin To Net: NetName=NetP8_10 Pin=P8-10
Added Pin To Net: NetName=NetP8_10 Pin=R40-2
Added Net: Name=NetP8_10
Added Pin To Net: NetName=NetP8_11 Pin=P8-11
Added Pin To Net: NetName=NetP8_11 Pin=R39-2
Added Net: Name=NetP8_11
Added Pin To Net: NetName=NetP8_12 Pin=P8-12
Added Pin To Net: NetName=NetP8_12 Pin=R38-2
Added Net: Name=NetP8_12
Added Pin To Net: NetName=NetP8_13 Pin=P8-13
Added Pin To Net: NetName=NetP8_13 Pin=R37-2
Added Net: Name=NetP8_13
Added Pin To Net: NetName=NetP8_14 Pin=P8-14
Added Pin To Net: NetName=NetP8_14 Pin=R36-2
Added Net: Name=NetP8_14
Added Pin To Net: NetName=NetP8_15 Pin=P8-15
Added Pin To Net: NetName=NetP8_15 Pin=R35-2
Added Net: Name=NetP8_15
Added Pin To Net: NetName=NetR2_1 Pin=R2-1
Added Pin To Net: NetName=NetR2_1 Pin=R4-1
Added Pin To Net: NetName=NetR2_1 Pin=U1-1
Added Net: Name=NetR2_1
Added Pin To Net: NetName=NetR5_1 Pin=R5-1
Added Pin To Net: NetName=NetR5_1 Pin=U1-12
Added Net: Name=NetR5_1
Added Pin To Net: NetName=NetR6_1 Pin=R6-1
Added Pin To Net: NetName=NetR6_1 Pin=U1-19
Added Net: Name=NetR6_1
Added Pin To Net: NetName=NetR9_1 Pin=R9-1
Added Pin To Net: NetName=NetR9_1 Pin=R31-1
Added Pin To Net: NetName=NetR9_1 Pin=U4-70
Added Pin To Net: NetName=NetR9_1 Pin=U5-6
Added Net: Name=NetR9_1
Added Pin To Net: NetName=NetR9_2 Pin=R9-2
Added Pin To Net: NetName=NetR9_2 Pin=U2-16
Added Net: Name=NetR9_2
Added Pin To Net: NetName=NetR10_1 Pin=R10-1
Added Pin To Net: NetName=NetR10_1 Pin=U4-67
Added Pin To Net: NetName=NetR10_1 Pin=U5-5
Added Net: Name=NetR10_1
Added Pin To Net: NetName=NetR10_2 Pin=R10-2
Added Pin To Net: NetName=NetR10_2 Pin=U2-17
Added Net: Name=NetR10_2
Added Pin To Net: NetName=NetR11_1 Pin=R11-1
Added Pin To Net: NetName=NetR11_1 Pin=U4-68
Added Pin To Net: NetName=NetR11_1 Pin=U5-2
Added Net: Name=NetR11_1
Added Pin To Net: NetName=NetR11_2 Pin=R11-2
Added Pin To Net: NetName=NetR11_2 Pin=U2-18
Added Net: Name=NetR11_2
Added Pin To Net: NetName=NetR12_1 Pin=R12-1
Added Pin To Net: NetName=NetR12_1 Pin=R32-2
Added Pin To Net: NetName=NetR12_1 Pin=U4-71
Added Pin To Net: NetName=NetR12_1 Pin=U5-1
Added Net: Name=NetR12_1
Added Pin To Net: NetName=NetR12_2 Pin=R12-2
Added Pin To Net: NetName=NetR12_2 Pin=U2-21
Added Net: Name=NetR12_2
Added Pin To Net: NetName=NetR13_1 Pin=R13-1
Added Pin To Net: NetName=NetR13_1 Pin=R29-1
Added Pin To Net: NetName=NetR13_1 Pin=U4-65
Added Net: Name=NetR13_1
Added Pin To Net: NetName=NetR13_2 Pin=R13-2
Added Pin To Net: NetName=NetR13_2 Pin=U2-23
Added Net: Name=NetR13_2
Added Pin To Net: NetName=NetR14_1 Pin=R14-1
Added Pin To Net: NetName=NetR14_1 Pin=R30-1
Added Pin To Net: NetName=NetR14_1 Pin=U4-66
Added Net: Name=NetR14_1
Added Pin To Net: NetName=NetR14_2 Pin=R14-2
Added Pin To Net: NetName=NetR14_2 Pin=U2-24
Added Net: Name=NetR14_2
Added Pin To Net: NetName=NetR15_2 Pin=R15-2
Added Pin To Net: NetName=NetR15_2 Pin=U2-14
Added Net: Name=NetR15_2
Added Pin To Net: NetName=NetR16_2 Pin=R16-2
Added Pin To Net: NetName=NetR16_2 Pin=U2-6
Added Net: Name=NetR16_2
Added Pin To Net: NetName=NetR17_1 Pin=R17-1
Added Pin To Net: NetName=NetR17_1 Pin=U2-62
Added Pin To Net: NetName=NetR17_1 Pin=U3-2
Added Net: Name=NetR17_1
Added Pin To Net: NetName=NetR18_1 Pin=R18-1
Added Pin To Net: NetName=NetR18_1 Pin=U2-63
Added Pin To Net: NetName=NetR18_1 Pin=U3-1
Added Net: Name=NetR18_1
Added Pin To Net: NetName=NetR19_1 Pin=R19-1
Added Pin To Net: NetName=NetR19_1 Pin=R27-1
Added Pin To Net: NetName=NetR19_1 Pin=U3-4
Added Net: Name=NetR19_1
Added Pin To Net: NetName=NetR20_1 Pin=R20-1
Added Pin To Net: NetName=NetR20_1 Pin=U4-9
Added Net: Name=NetR20_1
Added Pin To Net: NetName=NetR20_2 Pin=R20-2
Added Pin To Net: NetName=NetR20_2 Pin=U2-38
Added Net: Name=NetR20_2
Added Pin To Net: NetName=NetR21_1 Pin=R21-1
Added Pin To Net: NetName=NetR21_1 Pin=U4-8
Added Net: Name=NetR21_1
Added Pin To Net: NetName=NetR21_2 Pin=R21-2
Added Pin To Net: NetName=NetR21_2 Pin=U2-39
Added Net: Name=NetR21_2
Added Pin To Net: NetName=NetR22_1 Pin=R22-1
Added Pin To Net: NetName=NetR22_1 Pin=U4-7
Added Net: Name=NetR22_1
Added Pin To Net: NetName=NetR22_2 Pin=R22-2
Added Pin To Net: NetName=NetR22_2 Pin=U2-40
Added Net: Name=NetR22_2
Added Pin To Net: NetName=NetR23_1 Pin=R23-1
Added Pin To Net: NetName=NetR23_1 Pin=U4-4
Added Net: Name=NetR23_1
Added Pin To Net: NetName=NetR23_2 Pin=R23-2
Added Pin To Net: NetName=NetR23_2 Pin=U2-41
Added Net: Name=NetR23_2
Added Pin To Net: NetName=NetR24_1 Pin=R24-1
Added Pin To Net: NetName=NetR24_1 Pin=U4-3
Added Net: Name=NetR24_1
Added Pin To Net: NetName=NetR24_2 Pin=R24-2
Added Pin To Net: NetName=NetR24_2 Pin=U2-43
Added Net: Name=NetR24_2
Added Pin To Net: NetName=NetR25_1 Pin=R25-1
Added Pin To Net: NetName=NetR25_1 Pin=U4-2
Added Net: Name=NetR25_1
Added Pin To Net: NetName=NetR25_2 Pin=R25-2
Added Pin To Net: NetName=NetR25_2 Pin=U2-44
Added Net: Name=NetR25_2
Added Pin To Net: NetName=NetR26_1 Pin=R26-1
Added Pin To Net: NetName=NetR26_1 Pin=U4-1
Added Net: Name=NetR26_1
Added Pin To Net: NetName=NetR26_2 Pin=R26-2
Added Pin To Net: NetName=NetR26_2 Pin=U2-45
Added Net: Name=NetR26_2
Added Pin To Net: NetName=NetR27_2 Pin=R27-2
Added Pin To Net: NetName=NetR27_2 Pin=U2-61
Added Pin To Net: NetName=NetR27_2 Pin=U3-3
Added Net: Name=NetR27_2
Added Pin To Net: NetName=NetR28_1 Pin=R28-1
Added Pin To Net: NetName=NetR28_1 Pin=U4-21
Added Net: Name=NetR28_1
Added Pin To Net: NetName=NetR33_2 Pin=R33-2
Added Pin To Net: NetName=NetR33_2 Pin=U5-7
Added Net: Name=NetR33_2
Added Pin To Net: NetName=NetR34_2 Pin=R34-2
Added Pin To Net: NetName=NetR34_2 Pin=U5-3
Added Net: Name=NetR34_2
Added Class: Name=Connectors
Added Class: Name=FPGA
Added Class: Name=FTDI
Added Class: Name=Peripherals
Added Class: Name=Power Delievery
Added Room: Name=Connectors
Added Room: Name=FPGA
Added Room: Name=FTDI
Added Room: Name=Peripherals
Added Room: Name=Power Delievery
