* ******************************************************************************

* iCEcube Placer

* Version:            2017.08.27940

* Build Date:         Sep 11 2017 17:12:22

* File Generated:     Dec 13 2020 21:21:43

* Purpose:            

* Copyright (C) 2006-2010 by Lattice Semiconductor Corp. All rights reserved.

* ******************************************************************************

Executing : I:\iCE_Cubed\sbt_backend\bin\win32\opt\sbtplacer.exe --des-lib C:/Users/ethan/Documents/GrabCAD/Altium Projs/Basic FPGA/Code/PongDevBoard/PongDevBoard_Implmnt\sbt\netlist\oadb-top --outdir C:/Users/ethan/Documents/GrabCAD/Altium Projs/Basic FPGA/Code/PongDevBoard/PongDevBoard_Implmnt\sbt\outputs\placer --device-file I:\iCE_Cubed\sbt_backend\devices\ICE40P01.dev --package TQ144 --deviceMarketName iCE40HX1K --sdc-file C:/Users/ethan/Documents/GrabCAD/Altium Projs/Basic FPGA/Code/PongDevBoard/PongDevBoard_Implmnt\sbt\Temp/sbt_temp.sdc --lib-file I:\iCE_Cubed\sbt_backend\devices\ice40HX1K.lib --effort_level std --out-sdc-file C:/Users/ethan/Documents/GrabCAD/Altium Projs/Basic FPGA/Code/PongDevBoard/PongDevBoard_Implmnt\sbt\outputs\placer\top_pl.sdc
I2004: Option and Settings Summary
=============================================================
Device file          - I:\iCE_Cubed\sbt_backend\devices\ICE40P01.dev
Package              - TQ144
Design database      - C:/Users/ethan/Documents/GrabCAD/Altium Projs/Basic FPGA/Code/PongDevBoard/PongDevBoard_Implmnt\sbt\netlist\oadb-top
SDC file             - C:/Users/ethan/Documents/GrabCAD/Altium Projs/Basic FPGA/Code/PongDevBoard/PongDevBoard_Implmnt\sbt\Temp/sbt_temp.sdc
Output directory     - C:/Users/ethan/Documents/GrabCAD/Altium Projs/Basic FPGA/Code/PongDevBoard/PongDevBoard_Implmnt\sbt\outputs\placer
Timing library       - I:\iCE_Cubed\sbt_backend\devices\ice40HX1K.lib
Effort level         - std

I2050: Starting reading inputs for placer
=============================================================
I2100: Reading design library: C:/Users/ethan/Documents/GrabCAD/Altium Projs/Basic FPGA/Code/PongDevBoard/PongDevBoard_Implmnt\sbt\netlist\oadb-top/BFPGA_DESIGN_ep
I2065: Reading device file : I:\iCE_Cubed\sbt_backend\devices\ICE40P01.dev
I2051: Reading of inputs for placer completed successfully

I2053: Starting placement of the design
=============================================================

Input Design Statistics
    Number of LUTs      	:	108
    Number of DFFs      	:	62
    Number of DFFs packed to IO	:	0
    Number of Carrys    	:	27
    Number of RAMs      	:	0
    Number of ROMs      	:	0
    Number of IOs       	:	25
    Number of GBIOs     	:	1
    Number of GBs       	:	0
    Number of WarmBoot  	:	0
    Number of PLLs      	:	0


Phase 1
I2077: Start design legalization

Design Legalization Statistics
    Number of feedthru LUTs inserted to legalize input of DFFs     	:	0
    Number of feedthru LUTs inserted for LUTs driving multiple DFFs	:	0
    Number of LUTs replicated for LUTs driving multiple DFFs       	:	1
    Number of feedthru LUTs inserted to legalize output of CARRYs  	:	0
    Number of feedthru LUTs inserted to legalize global signals    	:	0
    Number of feedthru CARRYs inserted to legalize input of CARRYs 	:	0
    Number of inserted LUTs to Legalize IOs with PIN_TYPE= 01xxxx  	:	0
    Number of inserted LUTs to Legalize IOs with PIN_TYPE= 10xxxx  	:	0
    Number of inserted LUTs to Legalize IOs with PIN_TYPE= 11xxxx  	:	0
    Total LUTs inserted                                            	:	1
    Total CARRYs inserted                                          	:	0


I2078: Design legalization is completed successfully
I2088: Phase 1, elapsed time : 0.0 (sec)


Phase 2
I2088: Phase 2, elapsed time : 0.0 (sec)

Phase 3

Design Statistics after Packing
    Number of LUTs      	:	110
    Number of DFFs      	:	62
    Number of DFFs packed to IO	:	0
    Number of Carrys    	:	27

Device Utilization Summary after Packing
    Sequential LogicCells
        LUT and DFF      	:	36
        LUT, DFF and CARRY	:	26
    Combinational LogicCells
        Only LUT         	:	47
        CARRY Only       	:	0
        LUT with CARRY   	:	1
    LogicCells                  :	110/1280
    PLBs                        :	16/160
    BRAMs                       :	0/16
    IOs and GBIOs               :	26/96
    PLLs                        :	0/1


I2088: Phase 3, elapsed time : 0.2 (sec)

Phase 4
I2088: Phase 4, elapsed time : 0.1 (sec)

Phase 5
I2088: Phase 5, elapsed time : 0.1 (sec)

Phase 6
I2088: Phase 6, elapsed time : 10.7 (sec)

Final Design Statistics
    Number of LUTs      	:	110
    Number of DFFs      	:	62
    Number of DFFs packed to IO	:	0
    Number of Carrys    	:	27
    Number of RAMs      	:	0
    Number of ROMs      	:	0
    Number of IOs       	:	25
    Number of GBIOs     	:	1
    Number of GBs       	:	0
    Number of WarmBoot  	:	0
    Number of PLLs      	:	0

Device Utilization Summary
    LogicCells                  :	110/1280
    PLBs                        :	33/160
    BRAMs                       :	0/16
    IOs and GBIOs               :	26/96
    PLLs                        :	0/1



#####################################################################
Placement Timing Summary

The timing summary is based on estimated routing delays after
placement. For final timing report, please carry out the timing
analysis after routing.
=====================================================================

#####################################################################
                     Clock Summary 
=====================================================================
Number of clocks: 1
Clock: clk12 | Frequency: 164.14 MHz | Target: 12.00 MHz

=====================================================================
                     End of Clock Summary
#####################################################################

I2054: Placement of design completed successfully

I2076: Placer run-time: 11.4 sec.

