OUTPUT p_vLED[9] 	 location (13, 1, 0) 	 73 	 SB_LVCMOS
OUTPUT p_vLED[1] 	 location (13, 6, 1) 	 87 	 SB_LVCMOS
OUTPUT p_hLED[8] 	 location (10, 0, 0) 	 63 	 SB_LVCMOS
OUTPUT p_hLED[11] 	 location (13, 14, 0) 	 104 	 SB_LVCMOS
OUTPUT p_hLED[0] 	 location (13, 7, 1) 	 90 	 SB_LVCMOS
OUTPUT p_vLED[6] 	 location (13, 2, 1) 	 76 	 SB_LVCMOS
OUTPUT p_hLED[9] 	 location (13, 13, 0) 	 101 	 SB_LVCMOS
OUTPUT p_hLED[10] 	 location (13, 13, 1) 	 102 	 SB_LVCMOS
OUTPUT p_hLED[1] 	 location (13, 8, 0) 	 91 	 SB_LVCMOS
OUTPUT p_vLED[7] 	 location (13, 2, 0) 	 75 	 SB_LVCMOS
OUTPUT p_hLED[2] 	 location (13, 8, 1) 	 93 	 SB_LVCMOS
OUTPUT p_vLED[8] 	 location (13, 1, 1) 	 74 	 SB_LVCMOS
OUTPUT p_vLED[4] 	 location (13, 4, 0) 	 79 	 SB_LVCMOS
OUTPUT p_vLED[0] 	 location (13, 7, 0) 	 88 	 SB_LVCMOS
OUTPUT p_hLED[7] 	 location (13, 12, 0) 	 98 	 SB_LVCMOS
OUTPUT p_hLED[3] 	 location (13, 9, 0) 	 94 	 SB_LVCMOS
OUTPUT p_hLED[12] 	 location (13, 14, 1) 	 105 	 SB_LVCMOS
OUTPUT p_vLED[5] 	 location (13, 3, 1) 	 78 	 SB_LVCMOS
OUTPUT p_hLED[4] 	 location (13, 9, 1) 	 95 	 SB_LVCMOS
INPUT  p_clk12 	 location (0, 8, 1) 	 21 	 SB_LVCMOS
OUTPUT p_vLED[2] 	 location (13, 6, 0) 	 81 	 SB_LVCMOS
OUTPUT p_hLED[5] 	 location (13, 11, 0) 	 96 	 SB_LVCMOS
OUTPUT p_hLED[14] 	 location (13, 15, 1) 	 107 	 SB_LVCMOS
OUTPUT p_vLED[3] 	 location (13, 4, 1) 	 80 	 SB_LVCMOS
OUTPUT p_hLED[6] 	 location (10, 0, 1) 	 64 	 SB_LVCMOS
OUTPUT p_hLED[13] 	 location (13, 15, 0) 	 106 	 SB_LVCMOS
